{"/home/joseph/PegasusHeavyIndustries/nestjs-deno/src/adapters/deno-adapter.ts": {"path":"/home/joseph/PegasusHeavyIndustries/nestjs-deno/src/adapters/deno-adapter.ts","all":false,"statementMap":{"0":{"start":{"line":1,"column":0},"end":{"line":1,"column":51}},"119":{"start":{"line":120,"column":0},"end":{"line":120,"column":53}},"123":{"start":{"line":124,"column":0},"end":{"line":124,"column":3}},"124":{"start":{"line":125,"column":0},"end":{"line":125,"column":47}},"125":{"start":{"line":126,"column":0},"end":{"line":126,"column":50}},"126":{"start":{"line":127,"column":0},"end":{"line":127,"column":45}},"127":{"start":{"line":128,"column":0},"end":{"line":128,"column":55}},"128":{"start":{"line":129,"column":0},"end":{"line":129,"column":51}},"129":{"start":{"line":130,"column":0},"end":{"line":130,"column":23}},"132":{"start":{"line":133,"column":0},"end":{"line":133,"column":26}},"135":{"start":{"line":136,"column":0},"end":{"line":136,"column":47}},"136":{"start":{"line":137,"column":0},"end":{"line":137,"column":67}},"138":{"start":{"line":139,"column":0},"end":{"line":139,"column":35}},"139":{"start":{"line":140,"column":0},"end":{"line":140,"column":26}},"140":{"start":{"line":141,"column":0},"end":{"line":141,"column":3}},"145":{"start":{"line":146,"column":0},"end":{"line":146,"column":39}},"146":{"start":{"line":147,"column":0},"end":{"line":147,"column":29}},"147":{"start":{"line":148,"column":0},"end":{"line":148,"column":3}},"161":{"start":{"line":162,"column":0},"end":{"line":162,"column":22}},"162":{"start":{"line":163,"column":0},"end":{"line":163,"column":26}},"163":{"start":{"line":164,"column":0},"end":{"line":164,"column":47}},"164":{"start":{"line":165,"column":0},"end":{"line":165,"column":26}},"165":{"start":{"line":166,"column":0},"end":{"line":166,"column":20}},"166":{"start":{"line":167,"column":0},"end":{"line":167,"column":73}},"167":{"start":{"line":168,"column":0},"end":{"line":168,"column":20}},"168":{"start":{"line":169,"column":0},"end":{"line":169,"column":78}},"169":{"start":{"line":170,"column":0},"end":{"line":170,"column":14}},"170":{"start":{"line":171,"column":0},"end":{"line":171,"column":79}},"172":{"start":{"line":173,"column":0},"end":{"line":173,"column":49}},"174":{"start":{"line":175,"column":0},"end":{"line":175,"column":26}},"175":{"start":{"line":176,"column":0},"end":{"line":176,"column":20}},"176":{"start":{"line":177,"column":0},"end":{"line":177,"column":15}},"177":{"start":{"line":178,"column":0},"end":{"line":178,"column":42}},"178":{"start":{"line":179,"column":0},"end":{"line":179,"column":23}},"179":{"start":{"line":180,"column":0},"end":{"line":180,"column":15}},"180":{"start":{"line":181,"column":0},"end":{"line":181,"column":8}},"181":{"start":{"line":182,"column":0},"end":{"line":182,"column":6}},"183":{"start":{"line":184,"column":0},"end":{"line":184,"column":29}},"184":{"start":{"line":185,"column":0},"end":{"line":185,"column":19}},"185":{"start":{"line":186,"column":0},"end":{"line":186,"column":36}},"186":{"start":{"line":187,"column":0},"end":{"line":187,"column":6}},"187":{"start":{"line":188,"column":0},"end":{"line":188,"column":3}},"192":{"start":{"line":193,"column":0},"end":{"line":193,"column":68}},"193":{"start":{"line":194,"column":0},"end":{"line":194,"column":37}},"194":{"start":{"line":195,"column":0},"end":{"line":195,"column":30}},"195":{"start":{"line":196,"column":0},"end":{"line":196,"column":48}},"198":{"start":{"line":199,"column":0},"end":{"line":199,"column":55}},"201":{"start":{"line":202,"column":0},"end":{"line":202,"column":38}},"203":{"start":{"line":204,"column":0},"end":{"line":204,"column":9}},"205":{"start":{"line":206,"column":0},"end":{"line":206,"column":53}},"206":{"start":{"line":207,"column":0},"end":{"line":207,"column":34}},"207":{"start":{"line":208,"column":0},"end":{"line":208,"column":39}},"208":{"start":{"line":209,"column":0},"end":{"line":209,"column":7}},"211":{"start":{"line":212,"column":0},"end":{"line":212,"column":29}},"212":{"start":{"line":213,"column":0},"end":{"line":213,"column":40}},"213":{"start":{"line":214,"column":0},"end":{"line":214,"column":7}},"216":{"start":{"line":217,"column":0},"end":{"line":217,"column":94}},"217":{"start":{"line":218,"column":0},"end":{"line":218,"column":65}},"218":{"start":{"line":219,"column":0},"end":{"line":219,"column":29}},"219":{"start":{"line":220,"column":0},"end":{"line":220,"column":32}},"220":{"start":{"line":221,"column":0},"end":{"line":221,"column":9}},"221":{"start":{"line":222,"column":0},"end":{"line":222,"column":7}},"224":{"start":{"line":225,"column":0},"end":{"line":225,"column":48}},"226":{"start":{"line":227,"column":0},"end":{"line":227,"column":28}},"227":{"start":{"line":228,"column":0},"end":{"line":228,"column":39}},"228":{"start":{"line":229,"column":0},"end":{"line":229,"column":7}},"231":{"start":{"line":232,"column":0},"end":{"line":232,"column":49}},"233":{"start":{"line":234,"column":0},"end":{"line":234,"column":18}},"234":{"start":{"line":235,"column":0},"end":{"line":235,"column":53}},"235":{"start":{"line":236,"column":0},"end":{"line":236,"column":38}},"236":{"start":{"line":237,"column":0},"end":{"line":237,"column":40}},"237":{"start":{"line":238,"column":0},"end":{"line":238,"column":39}},"238":{"start":{"line":239,"column":0},"end":{"line":239,"column":14}},"239":{"start":{"line":240,"column":0},"end":{"line":240,"column":47}},"240":{"start":{"line":241,"column":0},"end":{"line":241,"column":43}},"241":{"start":{"line":242,"column":0},"end":{"line":242,"column":51}},"242":{"start":{"line":243,"column":0},"end":{"line":243,"column":29}},"243":{"start":{"line":244,"column":0},"end":{"line":244,"column":11}},"244":{"start":{"line":245,"column":0},"end":{"line":245,"column":7}},"246":{"start":{"line":247,"column":0},"end":{"line":247,"column":37}},"247":{"start":{"line":248,"column":0},"end":{"line":248,"column":21}},"248":{"start":{"line":249,"column":0},"end":{"line":249,"column":30}},"249":{"start":{"line":250,"column":0},"end":{"line":250,"column":52}},"250":{"start":{"line":251,"column":0},"end":{"line":251,"column":39}},"251":{"start":{"line":252,"column":0},"end":{"line":252,"column":7}},"253":{"start":{"line":254,"column":0},"end":{"line":254,"column":57}},"254":{"start":{"line":255,"column":0},"end":{"line":255,"column":53}},"255":{"start":{"line":256,"column":0},"end":{"line":256,"column":69}},"256":{"start":{"line":257,"column":0},"end":{"line":257,"column":39}},"257":{"start":{"line":258,"column":0},"end":{"line":258,"column":9}},"259":{"start":{"line":260,"column":0},"end":{"line":260,"column":37}},"260":{"start":{"line":261,"column":0},"end":{"line":261,"column":5}},"261":{"start":{"line":262,"column":0},"end":{"line":262,"column":3}},"266":{"start":{"line":267,"column":0},"end":{"line":267,"column":30}},"267":{"start":{"line":268,"column":0},"end":{"line":268,"column":21}},"268":{"start":{"line":269,"column":0},"end":{"line":269,"column":13}},"269":{"start":{"line":270,"column":0},"end":{"line":270,"column":27}},"270":{"start":{"line":271,"column":0},"end":{"line":271,"column":34}},"273":{"start":{"line":274,"column":0},"end":{"line":274,"column":84}},"274":{"start":{"line":275,"column":0},"end":{"line":275,"column":68}},"276":{"start":{"line":277,"column":0},"end":{"line":277,"column":53}},"277":{"start":{"line":278,"column":0},"end":{"line":278,"column":13}},"278":{"start":{"line":279,"column":0},"end":{"line":279,"column":38}},"279":{"start":{"line":280,"column":0},"end":{"line":280,"column":17}},"280":{"start":{"line":281,"column":0},"end":{"line":281,"column":27}},"281":{"start":{"line":282,"column":0},"end":{"line":282,"column":9}},"282":{"start":{"line":283,"column":0},"end":{"line":283,"column":77}},"283":{"start":{"line":284,"column":0},"end":{"line":284,"column":13}},"284":{"start":{"line":285,"column":0},"end":{"line":285,"column":52}},"285":{"start":{"line":286,"column":0},"end":{"line":286,"column":65}},"286":{"start":{"line":287,"column":0},"end":{"line":287,"column":44}},"287":{"start":{"line":288,"column":0},"end":{"line":288,"column":33}},"288":{"start":{"line":289,"column":0},"end":{"line":289,"column":13}},"289":{"start":{"line":290,"column":0},"end":{"line":290,"column":25}},"290":{"start":{"line":291,"column":0},"end":{"line":291,"column":17}},"291":{"start":{"line":292,"column":0},"end":{"line":292,"column":27}},"292":{"start":{"line":293,"column":0},"end":{"line":293,"column":9}},"293":{"start":{"line":294,"column":0},"end":{"line":294,"column":49}},"294":{"start":{"line":295,"column":0},"end":{"line":295,"column":13}},"295":{"start":{"line":296,"column":0},"end":{"line":296,"column":38}},"296":{"start":{"line":297,"column":0},"end":{"line":297,"column":17}},"297":{"start":{"line":298,"column":0},"end":{"line":298,"column":27}},"298":{"start":{"line":299,"column":0},"end":{"line":299,"column":9}},"299":{"start":{"line":300,"column":0},"end":{"line":300,"column":63}},"300":{"start":{"line":301,"column":0},"end":{"line":301,"column":13}},"301":{"start":{"line":302,"column":0},"end":{"line":302,"column":42}},"302":{"start":{"line":303,"column":0},"end":{"line":303,"column":17}},"303":{"start":{"line":304,"column":0},"end":{"line":304,"column":27}},"304":{"start":{"line":305,"column":0},"end":{"line":305,"column":9}},"305":{"start":{"line":306,"column":0},"end":{"line":306,"column":7}},"306":{"start":{"line":307,"column":0},"end":{"line":307,"column":5}},"308":{"start":{"line":309,"column":0},"end":{"line":309,"column":45}},"309":{"start":{"line":310,"column":0},"end":{"line":310,"column":46}},"310":{"start":{"line":311,"column":0},"end":{"line":311,"column":25}},"311":{"start":{"line":312,"column":0},"end":{"line":312,"column":7}},"313":{"start":{"line":314,"column":0},"end":{"line":314,"column":12}},"314":{"start":{"line":315,"column":0},"end":{"line":315,"column":19}},"315":{"start":{"line":316,"column":0},"end":{"line":316,"column":23}},"316":{"start":{"line":317,"column":0},"end":{"line":317,"column":29}},"317":{"start":{"line":318,"column":0},"end":{"line":318,"column":31}},"318":{"start":{"line":319,"column":0},"end":{"line":319,"column":17}},"319":{"start":{"line":320,"column":0},"end":{"line":320,"column":12}},"320":{"start":{"line":321,"column":0},"end":{"line":321,"column":11}},"321":{"start":{"line":322,"column":0},"end":{"line":322,"column":69}},"322":{"start":{"line":323,"column":0},"end":{"line":323,"column":29}},"323":{"start":{"line":324,"column":0},"end":{"line":324,"column":46}},"324":{"start":{"line":325,"column":0},"end":{"line":325,"column":40}},"325":{"start":{"line":326,"column":0},"end":{"line":326,"column":45}},"326":{"start":{"line":327,"column":0},"end":{"line":327,"column":18}},"327":{"start":{"line":328,"column":0},"end":{"line":328,"column":25}},"328":{"start":{"line":329,"column":0},"end":{"line":329,"column":6}},"329":{"start":{"line":330,"column":0},"end":{"line":330,"column":3}},"334":{"start":{"line":335,"column":0},"end":{"line":335,"column":42}},"335":{"start":{"line":336,"column":0},"end":{"line":336,"column":34}},"336":{"start":{"line":337,"column":0},"end":{"line":337,"column":25}},"337":{"start":{"line":338,"column":0},"end":{"line":338,"column":37}},"338":{"start":{"line":339,"column":0},"end":{"line":339,"column":28}},"340":{"start":{"line":341,"column":0},"end":{"line":341,"column":31}},"341":{"start":{"line":342,"column":0},"end":{"line":342,"column":24}},"342":{"start":{"line":343,"column":0},"end":{"line":343,"column":26}},"343":{"start":{"line":344,"column":0},"end":{"line":344,"column":8}},"344":{"start":{"line":345,"column":0},"end":{"line":345,"column":36}},"345":{"start":{"line":346,"column":0},"end":{"line":346,"column":26}},"346":{"start":{"line":347,"column":0},"end":{"line":347,"column":8}},"347":{"start":{"line":348,"column":0},"end":{"line":348,"column":14}},"348":{"start":{"line":349,"column":0},"end":{"line":349,"column":18}},"349":{"start":{"line":350,"column":0},"end":{"line":350,"column":20}},"350":{"start":{"line":351,"column":0},"end":{"line":351,"column":8}},"351":{"start":{"line":352,"column":0},"end":{"line":352,"column":48}},"352":{"start":{"line":353,"column":0},"end":{"line":353,"column":25}},"353":{"start":{"line":354,"column":0},"end":{"line":354,"column":8}},"354":{"start":{"line":355,"column":0},"end":{"line":355,"column":25}},"355":{"start":{"line":356,"column":0},"end":{"line":356,"column":27}},"356":{"start":{"line":357,"column":0},"end":{"line":357,"column":8}},"357":{"start":{"line":358,"column":0},"end":{"line":358,"column":38}},"358":{"start":{"line":359,"column":0},"end":{"line":359,"column":27}},"359":{"start":{"line":360,"column":0},"end":{"line":360,"column":8}},"360":{"start":{"line":361,"column":0},"end":{"line":361,"column":28}},"361":{"start":{"line":362,"column":0},"end":{"line":362,"column":26}},"362":{"start":{"line":363,"column":0},"end":{"line":363,"column":20}},"363":{"start":{"line":364,"column":0},"end":{"line":364,"column":8}},"364":{"start":{"line":365,"column":0},"end":{"line":365,"column":46}},"365":{"start":{"line":366,"column":0},"end":{"line":366,"column":33}},"366":{"start":{"line":367,"column":0},"end":{"line":367,"column":20}},"367":{"start":{"line":368,"column":0},"end":{"line":368,"column":8}},"368":{"start":{"line":369,"column":0},"end":{"line":369,"column":31}},"369":{"start":{"line":370,"column":0},"end":{"line":370,"column":33}},"370":{"start":{"line":371,"column":0},"end":{"line":371,"column":8}},"371":{"start":{"line":372,"column":0},"end":{"line":372,"column":34}},"372":{"start":{"line":373,"column":0},"end":{"line":373,"column":29}},"373":{"start":{"line":374,"column":0},"end":{"line":374,"column":20}},"374":{"start":{"line":375,"column":0},"end":{"line":375,"column":8}},"375":{"start":{"line":376,"column":0},"end":{"line":376,"column":53}},"376":{"start":{"line":377,"column":0},"end":{"line":377,"column":27}},"377":{"start":{"line":378,"column":0},"end":{"line":378,"column":66}},"378":{"start":{"line":379,"column":0},"end":{"line":379,"column":22}},"379":{"start":{"line":380,"column":0},"end":{"line":380,"column":261}},"380":{"start":{"line":381,"column":0},"end":{"line":381,"column":58}},"381":{"start":{"line":382,"column":0},"end":{"line":382,"column":46}},"382":{"start":{"line":383,"column":0},"end":{"line":383,"column":16}},"383":{"start":{"line":384,"column":0},"end":{"line":384,"column":42}},"384":{"start":{"line":385,"column":0},"end":{"line":385,"column":9}},"385":{"start":{"line":386,"column":0},"end":{"line":386,"column":8}},"386":{"start":{"line":387,"column":0},"end":{"line":387,"column":35}},"387":{"start":{"line":388,"column":0},"end":{"line":388,"column":27}},"388":{"start":{"line":389,"column":0},"end":{"line":389,"column":56}},"389":{"start":{"line":390,"column":0},"end":{"line":390,"column":44}},"390":{"start":{"line":391,"column":0},"end":{"line":391,"column":8}},"391":{"start":{"line":392,"column":0},"end":{"line":392,"column":41}},"392":{"start":{"line":393,"column":0},"end":{"line":393,"column":27}},"393":{"start":{"line":394,"column":0},"end":{"line":394,"column":26}},"394":{"start":{"line":395,"column":0},"end":{"line":395,"column":37}},"395":{"start":{"line":396,"column":0},"end":{"line":396,"column":20}},"396":{"start":{"line":397,"column":0},"end":{"line":397,"column":8}},"397":{"start":{"line":398,"column":0},"end":{"line":398,"column":43}},"398":{"start":{"line":399,"column":0},"end":{"line":399,"column":27}},"399":{"start":{"line":400,"column":0},"end":{"line":400,"column":36}},"400":{"start":{"line":401,"column":0},"end":{"line":401,"column":8}},"401":{"start":{"line":402,"column":0},"end":{"line":402,"column":6}},"403":{"start":{"line":404,"column":0},"end":{"line":404,"column":15}},"404":{"start":{"line":405,"column":0},"end":{"line":405,"column":3}},"409":{"start":{"line":410,"column":0},"end":{"line":410,"column":54}},"410":{"start":{"line":411,"column":0},"end":{"line":411,"column":35}},"411":{"start":{"line":412,"column":0},"end":{"line":412,"column":29}},"412":{"start":{"line":413,"column":0},"end":{"line":413,"column":27}},"413":{"start":{"line":414,"column":0},"end":{"line":414,"column":7}},"414":{"start":{"line":415,"column":0},"end":{"line":415,"column":3}},"419":{"start":{"line":420,"column":0},"end":{"line":420,"column":31}},"420":{"start":{"line":421,"column":0},"end":{"line":421,"column":21}},"421":{"start":{"line":422,"column":0},"end":{"line":422,"column":22}},"422":{"start":{"line":423,"column":0},"end":{"line":423,"column":17}},"423":{"start":{"line":424,"column":0},"end":{"line":424,"column":20}},"424":{"start":{"line":425,"column":0},"end":{"line":425,"column":56}},"425":{"start":{"line":426,"column":0},"end":{"line":426,"column":73}},"426":{"start":{"line":427,"column":0},"end":{"line":427,"column":6}},"428":{"start":{"line":429,"column":0},"end":{"line":429,"column":18}},"430":{"start":{"line":431,"column":0},"end":{"line":431,"column":45}},"431":{"start":{"line":432,"column":0},"end":{"line":432,"column":67}},"432":{"start":{"line":433,"column":0},"end":{"line":433,"column":56}},"433":{"start":{"line":434,"column":0},"end":{"line":434,"column":49}},"434":{"start":{"line":435,"column":0},"end":{"line":435,"column":7}},"435":{"start":{"line":436,"column":0},"end":{"line":436,"column":6}},"437":{"start":{"line":438,"column":0},"end":{"line":438,"column":17}},"438":{"start":{"line":439,"column":0},"end":{"line":439,"column":3}},"443":{"start":{"line":444,"column":0},"end":{"line":444,"column":77}},"444":{"start":{"line":445,"column":0},"end":{"line":445,"column":40}},"445":{"start":{"line":446,"column":0},"end":{"line":446,"column":76}},"447":{"start":{"line":448,"column":0},"end":{"line":448,"column":43}},"448":{"start":{"line":449,"column":0},"end":{"line":449,"column":53}},"449":{"start":{"line":450,"column":0},"end":{"line":450,"column":49}},"450":{"start":{"line":451,"column":0},"end":{"line":451,"column":7}},"452":{"start":{"line":453,"column":0},"end":{"line":453,"column":50}},"453":{"start":{"line":454,"column":0},"end":{"line":454,"column":7}},"454":{"start":{"line":455,"column":0},"end":{"line":455,"column":3}},"459":{"start":{"line":460,"column":0},"end":{"line":460,"column":24}},"460":{"start":{"line":461,"column":0},"end":{"line":461,"column":24}},"461":{"start":{"line":462,"column":0},"end":{"line":462,"column":17}},"462":{"start":{"line":463,"column":0},"end":{"line":463,"column":29}},"463":{"start":{"line":464,"column":0},"end":{"line":464,"column":46}},"465":{"start":{"line":466,"column":0},"end":{"line":466,"column":41}},"466":{"start":{"line":467,"column":0},"end":{"line":467,"column":51}},"467":{"start":{"line":468,"column":0},"end":{"line":468,"column":40}},"469":{"start":{"line":470,"column":0},"end":{"line":470,"column":18}},"470":{"start":{"line":471,"column":0},"end":{"line":471,"column":44}},"471":{"start":{"line":472,"column":0},"end":{"line":472,"column":47}},"472":{"start":{"line":473,"column":0},"end":{"line":473,"column":11}},"473":{"start":{"line":474,"column":0},"end":{"line":474,"column":7}},"474":{"start":{"line":475,"column":0},"end":{"line":475,"column":5}},"476":{"start":{"line":477,"column":0},"end":{"line":477,"column":18}},"477":{"start":{"line":478,"column":0},"end":{"line":478,"column":3}},"482":{"start":{"line":483,"column":0},"end":{"line":483,"column":45}},"483":{"start":{"line":484,"column":0},"end":{"line":484,"column":24}},"484":{"start":{"line":485,"column":0},"end":{"line":485,"column":46}},"485":{"start":{"line":486,"column":0},"end":{"line":486,"column":36}},"486":{"start":{"line":487,"column":0},"end":{"line":487,"column":28}},"488":{"start":{"line":489,"column":0},"end":{"line":489,"column":38}},"489":{"start":{"line":490,"column":0},"end":{"line":490,"column":3}},"494":{"start":{"line":495,"column":0},"end":{"line":495,"column":47}},"495":{"start":{"line":496,"column":0},"end":{"line":496,"column":30}},"496":{"start":{"line":497,"column":0},"end":{"line":497,"column":28}},"497":{"start":{"line":498,"column":0},"end":{"line":498,"column":14}},"499":{"start":{"line":500,"column":0},"end":{"line":500,"column":49}},"500":{"start":{"line":501,"column":0},"end":{"line":501,"column":26}},"501":{"start":{"line":502,"column":0},"end":{"line":502,"column":5}},"503":{"start":{"line":504,"column":0},"end":{"line":504,"column":16}},"504":{"start":{"line":505,"column":0},"end":{"line":505,"column":3}},"509":{"start":{"line":510,"column":0},"end":{"line":510,"column":24}},"510":{"start":{"line":511,"column":0},"end":{"line":511,"column":19}},"511":{"start":{"line":512,"column":0},"end":{"line":512,"column":17}},"512":{"start":{"line":513,"column":0},"end":{"line":513,"column":28}},"513":{"start":{"line":514,"column":0},"end":{"line":514,"column":11}},"514":{"start":{"line":515,"column":0},"end":{"line":515,"column":22}},"515":{"start":{"line":516,"column":0},"end":{"line":516,"column":11}},"516":{"start":{"line":517,"column":0},"end":{"line":517,"column":13}},"517":{"start":{"line":518,"column":0},"end":{"line":518,"column":14}},"518":{"start":{"line":519,"column":0},"end":{"line":519,"column":35}},"519":{"start":{"line":520,"column":0},"end":{"line":520,"column":7}},"520":{"start":{"line":521,"column":0},"end":{"line":521,"column":3}},"525":{"start":{"line":526,"column":0},"end":{"line":526,"column":86}},"526":{"start":{"line":527,"column":0},"end":{"line":527,"column":46}},"527":{"start":{"line":528,"column":0},"end":{"line":528,"column":52}},"528":{"start":{"line":529,"column":0},"end":{"line":529,"column":25}},"529":{"start":{"line":530,"column":0},"end":{"line":530,"column":56}},"530":{"start":{"line":531,"column":0},"end":{"line":531,"column":5}},"531":{"start":{"line":532,"column":0},"end":{"line":532,"column":3}},"535":{"start":{"line":536,"column":0},"end":{"line":536,"column":87}},"536":{"start":{"line":537,"column":0},"end":{"line":537,"column":46}},"537":{"start":{"line":538,"column":0},"end":{"line":538,"column":53}},"538":{"start":{"line":539,"column":0},"end":{"line":539,"column":25}},"539":{"start":{"line":540,"column":0},"end":{"line":540,"column":57}},"540":{"start":{"line":541,"column":0},"end":{"line":541,"column":5}},"541":{"start":{"line":542,"column":0},"end":{"line":542,"column":3}},"545":{"start":{"line":546,"column":0},"end":{"line":546,"column":86}},"546":{"start":{"line":547,"column":0},"end":{"line":547,"column":46}},"547":{"start":{"line":548,"column":0},"end":{"line":548,"column":52}},"548":{"start":{"line":549,"column":0},"end":{"line":549,"column":25}},"549":{"start":{"line":550,"column":0},"end":{"line":550,"column":56}},"550":{"start":{"line":551,"column":0},"end":{"line":551,"column":5}},"551":{"start":{"line":552,"column":0},"end":{"line":552,"column":3}},"555":{"start":{"line":556,"column":0},"end":{"line":556,"column":89}},"556":{"start":{"line":557,"column":0},"end":{"line":557,"column":46}},"557":{"start":{"line":558,"column":0},"end":{"line":558,"column":55}},"558":{"start":{"line":559,"column":0},"end":{"line":559,"column":25}},"559":{"start":{"line":560,"column":0},"end":{"line":560,"column":59}},"560":{"start":{"line":561,"column":0},"end":{"line":561,"column":5}},"561":{"start":{"line":562,"column":0},"end":{"line":562,"column":3}},"565":{"start":{"line":566,"column":0},"end":{"line":566,"column":88}},"566":{"start":{"line":567,"column":0},"end":{"line":567,"column":46}},"567":{"start":{"line":568,"column":0},"end":{"line":568,"column":54}},"568":{"start":{"line":569,"column":0},"end":{"line":569,"column":25}},"569":{"start":{"line":570,"column":0},"end":{"line":570,"column":58}},"570":{"start":{"line":571,"column":0},"end":{"line":571,"column":5}},"571":{"start":{"line":572,"column":0},"end":{"line":572,"column":3}},"575":{"start":{"line":576,"column":0},"end":{"line":576,"column":90}},"576":{"start":{"line":577,"column":0},"end":{"line":577,"column":46}},"577":{"start":{"line":578,"column":0},"end":{"line":578,"column":56}},"578":{"start":{"line":579,"column":0},"end":{"line":579,"column":25}},"579":{"start":{"line":580,"column":0},"end":{"line":580,"column":60}},"580":{"start":{"line":581,"column":0},"end":{"line":581,"column":5}},"581":{"start":{"line":582,"column":0},"end":{"line":582,"column":3}},"585":{"start":{"line":586,"column":0},"end":{"line":586,"column":87}},"586":{"start":{"line":587,"column":0},"end":{"line":587,"column":46}},"587":{"start":{"line":588,"column":0},"end":{"line":588,"column":53}},"588":{"start":{"line":589,"column":0},"end":{"line":589,"column":25}},"589":{"start":{"line":590,"column":0},"end":{"line":590,"column":57}},"590":{"start":{"line":591,"column":0},"end":{"line":591,"column":5}},"591":{"start":{"line":592,"column":0},"end":{"line":592,"column":3}},"595":{"start":{"line":596,"column":0},"end":{"line":596,"column":86}},"596":{"start":{"line":597,"column":0},"end":{"line":597,"column":46}},"597":{"start":{"line":598,"column":0},"end":{"line":598,"column":52}},"598":{"start":{"line":599,"column":0},"end":{"line":599,"column":25}},"599":{"start":{"line":600,"column":0},"end":{"line":600,"column":56}},"600":{"start":{"line":601,"column":0},"end":{"line":601,"column":5}},"601":{"start":{"line":602,"column":0},"end":{"line":602,"column":3}},"621":{"start":{"line":622,"column":0},"end":{"line":622,"column":13}},"622":{"start":{"line":623,"column":0},"end":{"line":623,"column":18}},"629":{"start":{"line":630,"column":0},"end":{"line":630,"column":15}},"634":{"start":{"line":635,"column":0},"end":{"line":635,"column":11}},"635":{"start":{"line":636,"column":0},"end":{"line":636,"column":46}},"636":{"start":{"line":637,"column":0},"end":{"line":637,"column":29}},"637":{"start":{"line":638,"column":0},"end":{"line":638,"column":18}},"638":{"start":{"line":639,"column":0},"end":{"line":639,"column":31}},"639":{"start":{"line":640,"column":0},"end":{"line":640,"column":9}},"640":{"start":{"line":641,"column":0},"end":{"line":641,"column":25}},"641":{"start":{"line":642,"column":0},"end":{"line":642,"column":29}},"642":{"start":{"line":643,"column":0},"end":{"line":643,"column":28}},"643":{"start":{"line":644,"column":0},"end":{"line":644,"column":16}},"644":{"start":{"line":645,"column":0},"end":{"line":645,"column":9}},"645":{"start":{"line":646,"column":0},"end":{"line":646,"column":5}},"646":{"start":{"line":647,"column":0},"end":{"line":647,"column":3}},"669":{"start":{"line":670,"column":0},"end":{"line":670,"column":30}},"670":{"start":{"line":671,"column":0},"end":{"line":671,"column":74}},"671":{"start":{"line":672,"column":0},"end":{"line":672,"column":60}},"672":{"start":{"line":673,"column":0},"end":{"line":673,"column":11}},"673":{"start":{"line":674,"column":0},"end":{"line":674,"column":49}},"674":{"start":{"line":675,"column":0},"end":{"line":675,"column":72}},"675":{"start":{"line":676,"column":0},"end":{"line":676,"column":29}},"676":{"start":{"line":677,"column":0},"end":{"line":677,"column":18}},"677":{"start":{"line":678,"column":0},"end":{"line":678,"column":35}},"678":{"start":{"line":679,"column":0},"end":{"line":679,"column":9}},"679":{"start":{"line":680,"column":0},"end":{"line":680,"column":28}},"680":{"start":{"line":681,"column":0},"end":{"line":681,"column":66}},"681":{"start":{"line":682,"column":0},"end":{"line":682,"column":29}},"682":{"start":{"line":683,"column":0},"end":{"line":683,"column":31}},"683":{"start":{"line":684,"column":0},"end":{"line":684,"column":35}},"684":{"start":{"line":685,"column":0},"end":{"line":685,"column":9}},"685":{"start":{"line":686,"column":0},"end":{"line":686,"column":5}},"686":{"start":{"line":687,"column":0},"end":{"line":687,"column":3}},"704":{"start":{"line":705,"column":0},"end":{"line":705,"column":42}},"705":{"start":{"line":706,"column":0},"end":{"line":706,"column":22}},"706":{"start":{"line":707,"column":0},"end":{"line":707,"column":49}},"708":{"start":{"line":709,"column":0},"end":{"line":709,"column":33}},"709":{"start":{"line":710,"column":0},"end":{"line":710,"column":17}},"710":{"start":{"line":711,"column":0},"end":{"line":711,"column":15}},"712":{"start":{"line":713,"column":0},"end":{"line":713,"column":31}},"713":{"start":{"line":714,"column":0},"end":{"line":714,"column":65}},"714":{"start":{"line":715,"column":0},"end":{"line":715,"column":66}},"715":{"start":{"line":716,"column":0},"end":{"line":716,"column":103}},"716":{"start":{"line":717,"column":0},"end":{"line":717,"column":75}},"717":{"start":{"line":718,"column":0},"end":{"line":718,"column":38}},"719":{"start":{"line":720,"column":0},"end":{"line":720,"column":67}},"720":{"start":{"line":721,"column":0},"end":{"line":721,"column":78}},"721":{"start":{"line":722,"column":0},"end":{"line":722,"column":41}},"722":{"start":{"line":723,"column":0},"end":{"line":723,"column":48}},"723":{"start":{"line":724,"column":0},"end":{"line":724,"column":76}},"724":{"start":{"line":725,"column":0},"end":{"line":725,"column":13}},"725":{"start":{"line":726,"column":0},"end":{"line":726,"column":13}},"726":{"start":{"line":727,"column":0},"end":{"line":727,"column":9}},"727":{"start":{"line":728,"column":0},"end":{"line":728,"column":8}},"729":{"start":{"line":730,"column":0},"end":{"line":730,"column":59}},"730":{"start":{"line":731,"column":0},"end":{"line":731,"column":39}},"731":{"start":{"line":732,"column":0},"end":{"line":732,"column":46}},"732":{"start":{"line":733,"column":0},"end":{"line":733,"column":57}},"733":{"start":{"line":734,"column":0},"end":{"line":734,"column":58}},"734":{"start":{"line":735,"column":0},"end":{"line":735,"column":60}},"735":{"start":{"line":736,"column":0},"end":{"line":736,"column":13}},"736":{"start":{"line":737,"column":0},"end":{"line":737,"column":11}},"737":{"start":{"line":738,"column":0},"end":{"line":738,"column":8}},"739":{"start":{"line":740,"column":0},"end":{"line":740,"column":60}},"740":{"start":{"line":741,"column":0},"end":{"line":741,"column":39}},"741":{"start":{"line":742,"column":0},"end":{"line":742,"column":47}},"742":{"start":{"line":743,"column":0},"end":{"line":743,"column":57}},"743":{"start":{"line":744,"column":0},"end":{"line":744,"column":58}},"744":{"start":{"line":745,"column":0},"end":{"line":745,"column":60}},"745":{"start":{"line":746,"column":0},"end":{"line":746,"column":13}},"746":{"start":{"line":747,"column":0},"end":{"line":747,"column":11}},"747":{"start":{"line":748,"column":0},"end":{"line":748,"column":8}},"749":{"start":{"line":750,"column":0},"end":{"line":750,"column":59}},"750":{"start":{"line":751,"column":0},"end":{"line":751,"column":39}},"751":{"start":{"line":752,"column":0},"end":{"line":752,"column":46}},"752":{"start":{"line":753,"column":0},"end":{"line":753,"column":57}},"753":{"start":{"line":754,"column":0},"end":{"line":754,"column":58}},"754":{"start":{"line":755,"column":0},"end":{"line":755,"column":60}},"755":{"start":{"line":756,"column":0},"end":{"line":756,"column":13}},"756":{"start":{"line":757,"column":0},"end":{"line":757,"column":11}},"757":{"start":{"line":758,"column":0},"end":{"line":758,"column":8}},"759":{"start":{"line":760,"column":0},"end":{"line":760,"column":62}},"760":{"start":{"line":761,"column":0},"end":{"line":761,"column":39}},"761":{"start":{"line":762,"column":0},"end":{"line":762,"column":49}},"762":{"start":{"line":763,"column":0},"end":{"line":763,"column":57}},"763":{"start":{"line":764,"column":0},"end":{"line":764,"column":58}},"764":{"start":{"line":765,"column":0},"end":{"line":765,"column":60}},"765":{"start":{"line":766,"column":0},"end":{"line":766,"column":13}},"766":{"start":{"line":767,"column":0},"end":{"line":767,"column":11}},"767":{"start":{"line":768,"column":0},"end":{"line":768,"column":8}},"769":{"start":{"line":770,"column":0},"end":{"line":770,"column":61}},"770":{"start":{"line":771,"column":0},"end":{"line":771,"column":39}},"771":{"start":{"line":772,"column":0},"end":{"line":772,"column":48}},"772":{"start":{"line":773,"column":0},"end":{"line":773,"column":57}},"773":{"start":{"line":774,"column":0},"end":{"line":774,"column":58}},"774":{"start":{"line":775,"column":0},"end":{"line":775,"column":60}},"775":{"start":{"line":776,"column":0},"end":{"line":776,"column":13}},"776":{"start":{"line":777,"column":0},"end":{"line":777,"column":11}},"777":{"start":{"line":778,"column":0},"end":{"line":778,"column":8}},"779":{"start":{"line":780,"column":0},"end":{"line":780,"column":63}},"780":{"start":{"line":781,"column":0},"end":{"line":781,"column":39}},"781":{"start":{"line":782,"column":0},"end":{"line":782,"column":50}},"782":{"start":{"line":783,"column":0},"end":{"line":783,"column":57}},"783":{"start":{"line":784,"column":0},"end":{"line":784,"column":58}},"784":{"start":{"line":785,"column":0},"end":{"line":785,"column":60}},"785":{"start":{"line":786,"column":0},"end":{"line":786,"column":13}},"786":{"start":{"line":787,"column":0},"end":{"line":787,"column":11}},"787":{"start":{"line":788,"column":0},"end":{"line":788,"column":8}},"789":{"start":{"line":790,"column":0},"end":{"line":790,"column":60}},"790":{"start":{"line":791,"column":0},"end":{"line":791,"column":39}},"791":{"start":{"line":792,"column":0},"end":{"line":792,"column":47}},"792":{"start":{"line":793,"column":0},"end":{"line":793,"column":57}},"793":{"start":{"line":794,"column":0},"end":{"line":794,"column":58}},"794":{"start":{"line":795,"column":0},"end":{"line":795,"column":60}},"795":{"start":{"line":796,"column":0},"end":{"line":796,"column":13}},"796":{"start":{"line":797,"column":0},"end":{"line":797,"column":11}},"797":{"start":{"line":798,"column":0},"end":{"line":798,"column":8}},"799":{"start":{"line":800,"column":0},"end":{"line":800,"column":59}},"800":{"start":{"line":801,"column":0},"end":{"line":801,"column":39}},"801":{"start":{"line":802,"column":0},"end":{"line":802,"column":46}},"802":{"start":{"line":803,"column":0},"end":{"line":803,"column":57}},"803":{"start":{"line":804,"column":0},"end":{"line":804,"column":58}},"804":{"start":{"line":805,"column":0},"end":{"line":805,"column":60}},"805":{"start":{"line":806,"column":0},"end":{"line":806,"column":13}},"806":{"start":{"line":807,"column":0},"end":{"line":807,"column":11}},"807":{"start":{"line":808,"column":0},"end":{"line":808,"column":8}},"809":{"start":{"line":810,"column":0},"end":{"line":810,"column":40}},"810":{"start":{"line":811,"column":0},"end":{"line":811,"column":30}},"811":{"start":{"line":812,"column":0},"end":{"line":812,"column":8}},"813":{"start":{"line":814,"column":0},"end":{"line":814,"column":27}},"814":{"start":{"line":815,"column":0},"end":{"line":815,"column":29}},"815":{"start":{"line":816,"column":0},"end":{"line":816,"column":8}},"817":{"start":{"line":818,"column":0},"end":{"line":818,"column":28}},"818":{"start":{"line":819,"column":0},"end":{"line":819,"column":30}},"819":{"start":{"line":820,"column":0},"end":{"line":820,"column":8}},"821":{"start":{"line":822,"column":0},"end":{"line":822,"column":28}},"822":{"start":{"line":823,"column":0},"end":{"line":823,"column":38}},"823":{"start":{"line":824,"column":0},"end":{"line":824,"column":8}},"825":{"start":{"line":826,"column":0},"end":{"line":826,"column":29}},"826":{"start":{"line":827,"column":0},"end":{"line":827,"column":30}},"827":{"start":{"line":828,"column":0},"end":{"line":828,"column":8}},"828":{"start":{"line":829,"column":0},"end":{"line":829,"column":6}},"830":{"start":{"line":831,"column":0},"end":{"line":831,"column":15}},"831":{"start":{"line":832,"column":0},"end":{"line":832,"column":3}},"855":{"start":{"line":856,"column":0},"end":{"line":856,"column":74}},"857":{"start":{"line":858,"column":0},"end":{"line":858,"column":46}},"858":{"start":{"line":859,"column":0},"end":{"line":859,"column":27}},"859":{"start":{"line":860,"column":0},"end":{"line":860,"column":16}},"860":{"start":{"line":861,"column":0},"end":{"line":861,"column":27}},"861":{"start":{"line":862,"column":0},"end":{"line":862,"column":7}},"862":{"start":{"line":863,"column":0},"end":{"line":863,"column":3}},"882":{"start":{"line":883,"column":0},"end":{"line":883,"column":72}},"883":{"start":{"line":884,"column":0},"end":{"line":884,"column":65}},"884":{"start":{"line":885,"column":0},"end":{"line":885,"column":19}},"885":{"start":{"line":886,"column":0},"end":{"line":886,"column":20}},"886":{"start":{"line":887,"column":0},"end":{"line":887,"column":47}},"887":{"start":{"line":888,"column":0},"end":{"line":888,"column":52}},"888":{"start":{"line":889,"column":0},"end":{"line":889,"column":3}},"910":{"start":{"line":911,"column":0},"end":{"line":911,"column":52}},"911":{"start":{"line":912,"column":0},"end":{"line":912,"column":22}},"912":{"start":{"line":913,"column":0},"end":{"line":913,"column":51}},"913":{"start":{"line":914,"column":0},"end":{"line":914,"column":58}},"914":{"start":{"line":915,"column":0},"end":{"line":915,"column":56}},"916":{"start":{"line":917,"column":0},"end":{"line":917,"column":43}},"917":{"start":{"line":918,"column":0},"end":{"line":918,"column":33}},"918":{"start":{"line":919,"column":0},"end":{"line":919,"column":17}},"921":{"start":{"line":922,"column":0},"end":{"line":922,"column":46}},"922":{"start":{"line":923,"column":0},"end":{"line":923,"column":33}},"923":{"start":{"line":924,"column":0},"end":{"line":924,"column":20}},"924":{"start":{"line":925,"column":0},"end":{"line":925,"column":8}},"926":{"start":{"line":927,"column":0},"end":{"line":927,"column":53}},"927":{"start":{"line":928,"column":0},"end":{"line":928,"column":40}},"928":{"start":{"line":929,"column":0},"end":{"line":929,"column":20}},"929":{"start":{"line":930,"column":0},"end":{"line":930,"column":8}},"931":{"start":{"line":932,"column":0},"end":{"line":932,"column":51}},"932":{"start":{"line":933,"column":0},"end":{"line":933,"column":38}},"933":{"start":{"line":934,"column":0},"end":{"line":934,"column":20}},"934":{"start":{"line":935,"column":0},"end":{"line":935,"column":8}},"936":{"start":{"line":937,"column":0},"end":{"line":937,"column":34}},"937":{"start":{"line":938,"column":0},"end":{"line":938,"column":34}},"938":{"start":{"line":939,"column":0},"end":{"line":939,"column":8}},"940":{"start":{"line":941,"column":0},"end":{"line":941,"column":41}},"941":{"start":{"line":942,"column":0},"end":{"line":942,"column":41}},"942":{"start":{"line":943,"column":0},"end":{"line":943,"column":8}},"944":{"start":{"line":945,"column":0},"end":{"line":945,"column":39}},"945":{"start":{"line":946,"column":0},"end":{"line":946,"column":39}},"946":{"start":{"line":947,"column":0},"end":{"line":947,"column":8}},"949":{"start":{"line":950,"column":0},"end":{"line":950,"column":96}},"950":{"start":{"line":951,"column":0},"end":{"line":951,"column":102}},"951":{"start":{"line":952,"column":0},"end":{"line":952,"column":57}},"952":{"start":{"line":953,"column":0},"end":{"line":953,"column":9}},"954":{"start":{"line":955,"column":0},"end":{"line":955,"column":20}},"955":{"start":{"line":956,"column":0},"end":{"line":956,"column":8}},"958":{"start":{"line":959,"column":0},"end":{"line":959,"column":50}},"959":{"start":{"line":960,"column":0},"end":{"line":960,"column":69}},"960":{"start":{"line":961,"column":0},"end":{"line":961,"column":23}},"961":{"start":{"line":962,"column":0},"end":{"line":962,"column":9}},"963":{"start":{"line":964,"column":0},"end":{"line":964,"column":67}},"964":{"start":{"line":965,"column":0},"end":{"line":965,"column":20}},"965":{"start":{"line":966,"column":0},"end":{"line":966,"column":8}},"968":{"start":{"line":969,"column":0},"end":{"line":969,"column":40}},"969":{"start":{"line":970,"column":0},"end":{"line":970,"column":81}},"971":{"start":{"line":972,"column":0},"end":{"line":972,"column":37}},"972":{"start":{"line":973,"column":0},"end":{"line":973,"column":74}},"973":{"start":{"line":974,"column":0},"end":{"line":974,"column":57}},"974":{"start":{"line":975,"column":0},"end":{"line":975,"column":57}},"977":{"start":{"line":978,"column":0},"end":{"line":978,"column":73}},"978":{"start":{"line":979,"column":0},"end":{"line":979,"column":78}},"979":{"start":{"line":980,"column":0},"end":{"line":980,"column":15}},"982":{"start":{"line":983,"column":0},"end":{"line":983,"column":71}},"983":{"start":{"line":984,"column":0},"end":{"line":984,"column":80}},"984":{"start":{"line":985,"column":0},"end":{"line":985,"column":15}},"987":{"start":{"line":988,"column":0},"end":{"line":988,"column":27}},"988":{"start":{"line":989,"column":0},"end":{"line":989,"column":109}},"989":{"start":{"line":990,"column":0},"end":{"line":990,"column":125}},"990":{"start":{"line":991,"column":0},"end":{"line":991,"column":113}},"991":{"start":{"line":992,"column":0},"end":{"line":992,"column":14}},"993":{"start":{"line":994,"column":0},"end":{"line":994,"column":39}},"994":{"start":{"line":995,"column":0},"end":{"line":995,"column":43}},"995":{"start":{"line":996,"column":0},"end":{"line":996,"column":60}},"996":{"start":{"line":997,"column":0},"end":{"line":997,"column":39}},"997":{"start":{"line":998,"column":0},"end":{"line":998,"column":99}},"998":{"start":{"line":999,"column":0},"end":{"line":999,"column":34}},"999":{"start":{"line":1000,"column":0},"end":{"line":1000,"column":35}},"1000":{"start":{"line":1001,"column":0},"end":{"line":1001,"column":24}},"1001":{"start":{"line":1002,"column":0},"end":{"line":1002,"column":94}},"1002":{"start":{"line":1003,"column":0},"end":{"line":1003,"column":31}},"1003":{"start":{"line":1004,"column":0},"end":{"line":1004,"column":33}},"1004":{"start":{"line":1005,"column":0},"end":{"line":1005,"column":69}},"1005":{"start":{"line":1006,"column":0},"end":{"line":1006,"column":20}},"1006":{"start":{"line":1007,"column":0},"end":{"line":1007,"column":17}},"1007":{"start":{"line":1008,"column":0},"end":{"line":1008,"column":17}},"1008":{"start":{"line":1009,"column":0},"end":{"line":1009,"column":13}},"1010":{"start":{"line":1011,"column":0},"end":{"line":1011,"column":37}},"1011":{"start":{"line":1012,"column":0},"end":{"line":1012,"column":74}},"1012":{"start":{"line":1013,"column":0},"end":{"line":1013,"column":63}},"1013":{"start":{"line":1014,"column":0},"end":{"line":1014,"column":42}},"1014":{"start":{"line":1015,"column":0},"end":{"line":1015,"column":15}},"1015":{"start":{"line":1016,"column":0},"end":{"line":1016,"column":13}},"1016":{"start":{"line":1017,"column":0},"end":{"line":1017,"column":12}},"1018":{"start":{"line":1019,"column":0},"end":{"line":1019,"column":41}},"1019":{"start":{"line":1020,"column":0},"end":{"line":1020,"column":23}},"1020":{"start":{"line":1021,"column":0},"end":{"line":1021,"column":42}},"1021":{"start":{"line":1022,"column":0},"end":{"line":1022,"column":20}},"1022":{"start":{"line":1023,"column":0},"end":{"line":1023,"column":24}},"1023":{"start":{"line":1024,"column":0},"end":{"line":1024,"column":43}},"1024":{"start":{"line":1025,"column":0},"end":{"line":1025,"column":20}},"1025":{"start":{"line":1026,"column":0},"end":{"line":1026,"column":23}},"1026":{"start":{"line":1027,"column":0},"end":{"line":1027,"column":42}},"1027":{"start":{"line":1028,"column":0},"end":{"line":1028,"column":20}},"1028":{"start":{"line":1029,"column":0},"end":{"line":1029,"column":26}},"1029":{"start":{"line":1030,"column":0},"end":{"line":1030,"column":45}},"1030":{"start":{"line":1031,"column":0},"end":{"line":1031,"column":20}},"1031":{"start":{"line":1032,"column":0},"end":{"line":1032,"column":25}},"1032":{"start":{"line":1033,"column":0},"end":{"line":1033,"column":44}},"1033":{"start":{"line":1034,"column":0},"end":{"line":1034,"column":20}},"1034":{"start":{"line":1035,"column":0},"end":{"line":1035,"column":27}},"1035":{"start":{"line":1036,"column":0},"end":{"line":1036,"column":46}},"1036":{"start":{"line":1037,"column":0},"end":{"line":1037,"column":20}},"1037":{"start":{"line":1038,"column":0},"end":{"line":1038,"column":24}},"1038":{"start":{"line":1039,"column":0},"end":{"line":1039,"column":43}},"1039":{"start":{"line":1040,"column":0},"end":{"line":1040,"column":20}},"1040":{"start":{"line":1041,"column":0},"end":{"line":1041,"column":20}},"1041":{"start":{"line":1042,"column":0},"end":{"line":1042,"column":42}},"1042":{"start":{"line":1043,"column":0},"end":{"line":1043,"column":11}},"1043":{"start":{"line":1044,"column":0},"end":{"line":1044,"column":11}},"1045":{"start":{"line":1046,"column":0},"end":{"line":1046,"column":20}},"1046":{"start":{"line":1047,"column":0},"end":{"line":1047,"column":8}},"1049":{"start":{"line":1050,"column":0},"end":{"line":1050,"column":124}},"1050":{"start":{"line":1051,"column":0},"end":{"line":1051,"column":81}},"1051":{"start":{"line":1052,"column":0},"end":{"line":1052,"column":76}},"1052":{"start":{"line":1053,"column":0},"end":{"line":1053,"column":77}},"1053":{"start":{"line":1054,"column":0},"end":{"line":1054,"column":8}},"1055":{"start":{"line":1056,"column":0},"end":{"line":1056,"column":125}},"1056":{"start":{"line":1057,"column":0},"end":{"line":1057,"column":81}},"1057":{"start":{"line":1058,"column":0},"end":{"line":1058,"column":76}},"1058":{"start":{"line":1059,"column":0},"end":{"line":1059,"column":78}},"1059":{"start":{"line":1060,"column":0},"end":{"line":1060,"column":8}},"1061":{"start":{"line":1062,"column":0},"end":{"line":1062,"column":124}},"1062":{"start":{"line":1063,"column":0},"end":{"line":1063,"column":81}},"1063":{"start":{"line":1064,"column":0},"end":{"line":1064,"column":76}},"1064":{"start":{"line":1065,"column":0},"end":{"line":1065,"column":77}},"1065":{"start":{"line":1066,"column":0},"end":{"line":1066,"column":8}},"1067":{"start":{"line":1068,"column":0},"end":{"line":1068,"column":127}},"1068":{"start":{"line":1069,"column":0},"end":{"line":1069,"column":81}},"1069":{"start":{"line":1070,"column":0},"end":{"line":1070,"column":76}},"1070":{"start":{"line":1071,"column":0},"end":{"line":1071,"column":80}},"1071":{"start":{"line":1072,"column":0},"end":{"line":1072,"column":8}},"1073":{"start":{"line":1074,"column":0},"end":{"line":1074,"column":126}},"1074":{"start":{"line":1075,"column":0},"end":{"line":1075,"column":81}},"1075":{"start":{"line":1076,"column":0},"end":{"line":1076,"column":76}},"1076":{"start":{"line":1077,"column":0},"end":{"line":1077,"column":79}},"1077":{"start":{"line":1078,"column":0},"end":{"line":1078,"column":8}},"1079":{"start":{"line":1080,"column":0},"end":{"line":1080,"column":128}},"1080":{"start":{"line":1081,"column":0},"end":{"line":1081,"column":81}},"1081":{"start":{"line":1082,"column":0},"end":{"line":1082,"column":76}},"1082":{"start":{"line":1083,"column":0},"end":{"line":1083,"column":81}},"1083":{"start":{"line":1084,"column":0},"end":{"line":1084,"column":8}},"1085":{"start":{"line":1086,"column":0},"end":{"line":1086,"column":125}},"1086":{"start":{"line":1087,"column":0},"end":{"line":1087,"column":81}},"1087":{"start":{"line":1088,"column":0},"end":{"line":1088,"column":76}},"1088":{"start":{"line":1089,"column":0},"end":{"line":1089,"column":78}},"1089":{"start":{"line":1090,"column":0},"end":{"line":1090,"column":8}},"1091":{"start":{"line":1092,"column":0},"end":{"line":1092,"column":124}},"1092":{"start":{"line":1093,"column":0},"end":{"line":1093,"column":81}},"1093":{"start":{"line":1094,"column":0},"end":{"line":1094,"column":76}},"1094":{"start":{"line":1095,"column":0},"end":{"line":1095,"column":132}},"1095":{"start":{"line":1096,"column":0},"end":{"line":1096,"column":8}},"1096":{"start":{"line":1097,"column":0},"end":{"line":1097,"column":6}},"1098":{"start":{"line":1099,"column":0},"end":{"line":1099,"column":20}},"1099":{"start":{"line":1100,"column":0},"end":{"line":1100,"column":3}},"1104":{"start":{"line":1105,"column":0},"end":{"line":1105,"column":54}},"1105":{"start":{"line":1106,"column":0},"end":{"line":1106,"column":23}},"1106":{"start":{"line":1107,"column":0},"end":{"line":1107,"column":3}},"1111":{"start":{"line":1112,"column":0},"end":{"line":1112,"column":54}},"1112":{"start":{"line":1113,"column":0},"end":{"line":1113,"column":25}},"1113":{"start":{"line":1114,"column":0},"end":{"line":1114,"column":3}},"1118":{"start":{"line":1119,"column":0},"end":{"line":1119,"column":39}},"1119":{"start":{"line":1120,"column":0},"end":{"line":1120,"column":31}},"1120":{"start":{"line":1121,"column":0},"end":{"line":1121,"column":35}},"1121":{"start":{"line":1122,"column":0},"end":{"line":1122,"column":34}},"1122":{"start":{"line":1123,"column":0},"end":{"line":1123,"column":5}},"1123":{"start":{"line":1124,"column":0},"end":{"line":1124,"column":3}},"1128":{"start":{"line":1129,"column":0},"end":{"line":1129,"column":25}},"1129":{"start":{"line":1130,"column":0},"end":{"line":1130,"column":73}},"1130":{"start":{"line":1131,"column":0},"end":{"line":1131,"column":11}},"1131":{"start":{"line":1132,"column":0},"end":{"line":1132,"column":32}},"1132":{"start":{"line":1133,"column":0},"end":{"line":1133,"column":3}},"1137":{"start":{"line":1138,"column":0},"end":{"line":1138,"column":28}},"1138":{"start":{"line":1139,"column":0},"end":{"line":1139,"column":59}},"1139":{"start":{"line":1140,"column":0},"end":{"line":1140,"column":11}},"1140":{"start":{"line":1141,"column":0},"end":{"line":1141,"column":35}},"1141":{"start":{"line":1142,"column":0},"end":{"line":1142,"column":3}},"1146":{"start":{"line":1147,"column":0},"end":{"line":1147,"column":54}},"1147":{"start":{"line":1148,"column":0},"end":{"line":1148,"column":35}},"1148":{"start":{"line":1149,"column":0},"end":{"line":1149,"column":18}},"1149":{"start":{"line":1150,"column":0},"end":{"line":1150,"column":48}},"1150":{"start":{"line":1151,"column":0},"end":{"line":1151,"column":25}},"1151":{"start":{"line":1152,"column":0},"end":{"line":1152,"column":6}},"1152":{"start":{"line":1153,"column":0},"end":{"line":1153,"column":3}},"1157":{"start":{"line":1158,"column":0},"end":{"line":1158,"column":65}},"1158":{"start":{"line":1159,"column":0},"end":{"line":1159,"column":36}},"1159":{"start":{"line":1160,"column":0},"end":{"line":1160,"column":68}},"1160":{"start":{"line":1161,"column":0},"end":{"line":1161,"column":3}},"1165":{"start":{"line":1166,"column":0},"end":{"line":1166,"column":71}},"1166":{"start":{"line":1167,"column":0},"end":{"line":1167,"column":34}},"1168":{"start":{"line":1169,"column":0},"end":{"line":1169,"column":52}},"1169":{"start":{"line":1170,"column":0},"end":{"line":1170,"column":26}},"1171":{"start":{"line":1172,"column":0},"end":{"line":1172,"column":54}},"1172":{"start":{"line":1173,"column":0},"end":{"line":1173,"column":44}},"1173":{"start":{"line":1174,"column":0},"end":{"line":1174,"column":62}},"1174":{"start":{"line":1175,"column":0},"end":{"line":1175,"column":58}},"1175":{"start":{"line":1176,"column":0},"end":{"line":1176,"column":56}},"1176":{"start":{"line":1177,"column":0},"end":{"line":1177,"column":75}},"1177":{"start":{"line":1178,"column":0},"end":{"line":1178,"column":63}},"1178":{"start":{"line":1179,"column":0},"end":{"line":1179,"column":53}},"1179":{"start":{"line":1180,"column":0},"end":{"line":1180,"column":79}},"1180":{"start":{"line":1181,"column":0},"end":{"line":1181,"column":5}},"1182":{"start":{"line":1183,"column":0},"end":{"line":1183,"column":62}},"1184":{"start":{"line":1185,"column":0},"end":{"line":1185,"column":39}},"1185":{"start":{"line":1186,"column":0},"end":{"line":1186,"column":64}},"1186":{"start":{"line":1187,"column":0},"end":{"line":1187,"column":5}},"1188":{"start":{"line":1189,"column":0},"end":{"line":1189,"column":59}},"1189":{"start":{"line":1190,"column":0},"end":{"line":1190,"column":42}},"1190":{"start":{"line":1191,"column":0},"end":{"line":1191,"column":69}},"1192":{"start":{"line":1193,"column":0},"end":{"line":1193,"column":59}},"1194":{"start":{"line":1195,"column":0},"end":{"line":1195,"column":42}},"1195":{"start":{"line":1196,"column":0},"end":{"line":1196,"column":68}},"1196":{"start":{"line":1197,"column":0},"end":{"line":1197,"column":51}},"1197":{"start":{"line":1198,"column":0},"end":{"line":1198,"column":42}},"1198":{"start":{"line":1199,"column":0},"end":{"line":1199,"column":61}},"1199":{"start":{"line":1200,"column":0},"end":{"line":1200,"column":12}},"1200":{"start":{"line":1201,"column":0},"end":{"line":1201,"column":79}},"1201":{"start":{"line":1202,"column":0},"end":{"line":1202,"column":27}},"1202":{"start":{"line":1203,"column":0},"end":{"line":1203,"column":70}},"1203":{"start":{"line":1204,"column":0},"end":{"line":1204,"column":7}},"1204":{"start":{"line":1205,"column":0},"end":{"line":1205,"column":5}},"1206":{"start":{"line":1207,"column":0},"end":{"line":1207,"column":42}},"1207":{"start":{"line":1208,"column":0},"end":{"line":1208,"column":68}},"1208":{"start":{"line":1209,"column":0},"end":{"line":1209,"column":51}},"1209":{"start":{"line":1210,"column":0},"end":{"line":1210,"column":42}},"1210":{"start":{"line":1211,"column":0},"end":{"line":1211,"column":62}},"1211":{"start":{"line":1212,"column":0},"end":{"line":1212,"column":5}},"1213":{"start":{"line":1214,"column":0},"end":{"line":1214,"column":34}},"1214":{"start":{"line":1215,"column":0},"end":{"line":1215,"column":79}},"1215":{"start":{"line":1216,"column":0},"end":{"line":1216,"column":5}},"1216":{"start":{"line":1217,"column":0},"end":{"line":1217,"column":3}},"1221":{"start":{"line":1222,"column":0},"end":{"line":1222,"column":81}},"1222":{"start":{"line":1223,"column":0},"end":{"line":1223,"column":33}},"1223":{"start":{"line":1224,"column":0},"end":{"line":1224,"column":39}},"1224":{"start":{"line":1225,"column":0},"end":{"line":1225,"column":3}},"1229":{"start":{"line":1230,"column":0},"end":{"line":1230,"column":77}},"1230":{"start":{"line":1231,"column":0},"end":{"line":1231,"column":44}},"1232":{"start":{"line":1233,"column":0},"end":{"line":1233,"column":59}},"1233":{"start":{"line":1234,"column":0},"end":{"line":1234,"column":72}},"1234":{"start":{"line":1235,"column":0},"end":{"line":1235,"column":64}},"1236":{"start":{"line":1237,"column":0},"end":{"line":1237,"column":9}},"1237":{"start":{"line":1238,"column":0},"end":{"line":1238,"column":61}},"1238":{"start":{"line":1239,"column":0},"end":{"line":1239,"column":37}},"1240":{"start":{"line":1241,"column":0},"end":{"line":1241,"column":29}},"1241":{"start":{"line":1242,"column":0},"end":{"line":1242,"column":21}},"1242":{"start":{"line":1243,"column":0},"end":{"line":1243,"column":56}},"1243":{"start":{"line":1244,"column":0},"end":{"line":1244,"column":79}},"1244":{"start":{"line":1245,"column":0},"end":{"line":1245,"column":44}},"1245":{"start":{"line":1246,"column":0},"end":{"line":1246,"column":27}},"1246":{"start":{"line":1247,"column":0},"end":{"line":1247,"column":66}},"1247":{"start":{"line":1248,"column":0},"end":{"line":1248,"column":9}},"1248":{"start":{"line":1249,"column":0},"end":{"line":1249,"column":20}},"1249":{"start":{"line":1250,"column":0},"end":{"line":1250,"column":7}},"1251":{"start":{"line":1252,"column":0},"end":{"line":1252,"column":36}},"1254":{"start":{"line":1255,"column":0},"end":{"line":1255,"column":59}},"1255":{"start":{"line":1256,"column":0},"end":{"line":1256,"column":49}},"1256":{"start":{"line":1257,"column":0},"end":{"line":1257,"column":26}},"1257":{"start":{"line":1258,"column":0},"end":{"line":1258,"column":24}},"1258":{"start":{"line":1259,"column":0},"end":{"line":1259,"column":37}},"1259":{"start":{"line":1260,"column":0},"end":{"line":1260,"column":33}},"1260":{"start":{"line":1261,"column":0},"end":{"line":1261,"column":25}},"1261":{"start":{"line":1262,"column":0},"end":{"line":1262,"column":26}},"1262":{"start":{"line":1263,"column":0},"end":{"line":1263,"column":27}},"1263":{"start":{"line":1264,"column":0},"end":{"line":1264,"column":25}},"1264":{"start":{"line":1265,"column":0},"end":{"line":1265,"column":29}},"1265":{"start":{"line":1266,"column":0},"end":{"line":1266,"column":28}},"1266":{"start":{"line":1267,"column":0},"end":{"line":1267,"column":26}},"1267":{"start":{"line":1268,"column":0},"end":{"line":1268,"column":28}},"1268":{"start":{"line":1269,"column":0},"end":{"line":1269,"column":24}},"1269":{"start":{"line":1270,"column":0},"end":{"line":1270,"column":45}},"1270":{"start":{"line":1271,"column":0},"end":{"line":1271,"column":26}},"1271":{"start":{"line":1272,"column":0},"end":{"line":1272,"column":31}},"1272":{"start":{"line":1273,"column":0},"end":{"line":1273,"column":31}},"1273":{"start":{"line":1274,"column":0},"end":{"line":1274,"column":25}},"1274":{"start":{"line":1275,"column":0},"end":{"line":1275,"column":27}},"1275":{"start":{"line":1276,"column":0},"end":{"line":1276,"column":26}},"1276":{"start":{"line":1277,"column":0},"end":{"line":1277,"column":25}},"1277":{"start":{"line":1278,"column":0},"end":{"line":1278,"column":8}},"1279":{"start":{"line":1280,"column":0},"end":{"line":1280,"column":86}},"1281":{"start":{"line":1282,"column":0},"end":{"line":1282,"column":53}},"1282":{"start":{"line":1283,"column":0},"end":{"line":1283,"column":76}},"1283":{"start":{"line":1284,"column":0},"end":{"line":1284,"column":7}},"1285":{"start":{"line":1286,"column":0},"end":{"line":1286,"column":75}},"1286":{"start":{"line":1287,"column":0},"end":{"line":1287,"column":63}},"1287":{"start":{"line":1288,"column":0},"end":{"line":1288,"column":7}},"1289":{"start":{"line":1290,"column":0},"end":{"line":1290,"column":45}},"1290":{"start":{"line":1291,"column":0},"end":{"line":1291,"column":72}},"1291":{"start":{"line":1292,"column":0},"end":{"line":1292,"column":49}},"1292":{"start":{"line":1293,"column":0},"end":{"line":1293,"column":40}},"1293":{"start":{"line":1294,"column":0},"end":{"line":1294,"column":9}},"1294":{"start":{"line":1295,"column":0},"end":{"line":1295,"column":51}},"1295":{"start":{"line":1296,"column":0},"end":{"line":1296,"column":7}},"1297":{"start":{"line":1298,"column":0},"end":{"line":1298,"column":42}},"1298":{"start":{"line":1299,"column":0},"end":{"line":1299,"column":20}},"1299":{"start":{"line":1300,"column":0},"end":{"line":1300,"column":16}},"1300":{"start":{"line":1301,"column":0},"end":{"line":1301,"column":9}},"1301":{"start":{"line":1302,"column":0},"end":{"line":1302,"column":21}},"1302":{"start":{"line":1303,"column":0},"end":{"line":1303,"column":61}},"1303":{"start":{"line":1304,"column":0},"end":{"line":1304,"column":20}},"1304":{"start":{"line":1305,"column":0},"end":{"line":1305,"column":7}},"1305":{"start":{"line":1306,"column":0},"end":{"line":1306,"column":18}},"1306":{"start":{"line":1307,"column":0},"end":{"line":1307,"column":5}},"1307":{"start":{"line":1308,"column":0},"end":{"line":1308,"column":3}},"1312":{"start":{"line":1313,"column":0},"end":{"line":1313,"column":47}},"1313":{"start":{"line":1314,"column":0},"end":{"line":1314,"column":74}},"1314":{"start":{"line":1315,"column":0},"end":{"line":1315,"column":3}},"1319":{"start":{"line":1320,"column":0},"end":{"line":1320,"column":81}},"1320":{"start":{"line":1321,"column":0},"end":{"line":1321,"column":69}},"1321":{"start":{"line":1322,"column":0},"end":{"line":1322,"column":3}},"1326":{"start":{"line":1327,"column":0},"end":{"line":1327,"column":59}},"1327":{"start":{"line":1328,"column":0},"end":{"line":1328,"column":65}},"1328":{"start":{"line":1329,"column":0},"end":{"line":1329,"column":3}},"1333":{"start":{"line":1334,"column":0},"end":{"line":1334,"column":57}},"1334":{"start":{"line":1335,"column":0},"end":{"line":1335,"column":26}},"1335":{"start":{"line":1336,"column":0},"end":{"line":1336,"column":3}},"1340":{"start":{"line":1341,"column":0},"end":{"line":1341,"column":54}},"1341":{"start":{"line":1342,"column":0},"end":{"line":1342,"column":57}},"1342":{"start":{"line":1343,"column":0},"end":{"line":1343,"column":3}},"1347":{"start":{"line":1348,"column":0},"end":{"line":1348,"column":15}},"1348":{"start":{"line":1349,"column":0},"end":{"line":1349,"column":27}},"1349":{"start":{"line":1350,"column":0},"end":{"line":1350,"column":18}},"1350":{"start":{"line":1351,"column":0},"end":{"line":1351,"column":24}},"1351":{"start":{"line":1352,"column":0},"end":{"line":1352,"column":11}},"1352":{"start":{"line":1353,"column":0},"end":{"line":1353,"column":21}},"1353":{"start":{"line":1354,"column":0},"end":{"line":1354,"column":34}},"1354":{"start":{"line":1355,"column":0},"end":{"line":1355,"column":5}},"1356":{"start":{"line":1357,"column":0},"end":{"line":1357,"column":46}},"1357":{"start":{"line":1358,"column":0},"end":{"line":1358,"column":21}},"1358":{"start":{"line":1359,"column":0},"end":{"line":1359,"column":42}},"1359":{"start":{"line":1360,"column":0},"end":{"line":1360,"column":26}},"1360":{"start":{"line":1361,"column":0},"end":{"line":1361,"column":12}},"1361":{"start":{"line":1362,"column":0},"end":{"line":1362,"column":34}},"1362":{"start":{"line":1363,"column":0},"end":{"line":1363,"column":5}},"1363":{"start":{"line":1364,"column":0},"end":{"line":1364,"column":3}},"1368":{"start":{"line":1369,"column":0},"end":{"line":1369,"column":67}},"1369":{"start":{"line":1370,"column":0},"end":{"line":1370,"column":32}},"1370":{"start":{"line":1371,"column":0},"end":{"line":1371,"column":3}},"1375":{"start":{"line":1376,"column":0},"end":{"line":1376,"column":18}},"1376":{"start":{"line":1377,"column":0},"end":{"line":1377,"column":27}},"1377":{"start":{"line":1378,"column":0},"end":{"line":1378,"column":23}},"1378":{"start":{"line":1379,"column":0},"end":{"line":1379,"column":16}},"1379":{"start":{"line":1380,"column":0},"end":{"line":1380,"column":11}},"1380":{"start":{"line":1381,"column":0},"end":{"line":1381,"column":39}},"1381":{"start":{"line":1382,"column":0},"end":{"line":1382,"column":3}},"1386":{"start":{"line":1387,"column":0},"end":{"line":1387,"column":79}},"1387":{"start":{"line":1388,"column":0},"end":{"line":1388,"column":36}},"1388":{"start":{"line":1389,"column":0},"end":{"line":1389,"column":3}},"1393":{"start":{"line":1394,"column":0},"end":{"line":1394,"column":73}},"1394":{"start":{"line":1395,"column":0},"end":{"line":1395,"column":36}},"1395":{"start":{"line":1396,"column":0},"end":{"line":1396,"column":3}},"1400":{"start":{"line":1401,"column":0},"end":{"line":1401,"column":82}},"1401":{"start":{"line":1402,"column":0},"end":{"line":1402,"column":46}},"1402":{"start":{"line":1403,"column":0},"end":{"line":1403,"column":19}},"1403":{"start":{"line":1404,"column":0},"end":{"line":1404,"column":56}},"1404":{"start":{"line":1405,"column":0},"end":{"line":1405,"column":12}},"1405":{"start":{"line":1406,"column":0},"end":{"line":1406,"column":38}},"1406":{"start":{"line":1407,"column":0},"end":{"line":1407,"column":5}},"1407":{"start":{"line":1408,"column":0},"end":{"line":1408,"column":3}},"1412":{"start":{"line":1413,"column":0},"end":{"line":1413,"column":62}},"1413":{"start":{"line":1414,"column":0},"end":{"line":1414,"column":26}},"1414":{"start":{"line":1415,"column":0},"end":{"line":1415,"column":3}},"1419":{"start":{"line":1420,"column":0},"end":{"line":1420,"column":57}},"1420":{"start":{"line":1421,"column":0},"end":{"line":1421,"column":32}},"1421":{"start":{"line":1422,"column":0},"end":{"line":1422,"column":3}},"1426":{"start":{"line":1427,"column":0},"end":{"line":1427,"column":43}},"1428":{"start":{"line":1429,"column":0},"end":{"line":1429,"column":3}},"1433":{"start":{"line":1434,"column":0},"end":{"line":1434,"column":33}},"1434":{"start":{"line":1435,"column":0},"end":{"line":1435,"column":34}},"1435":{"start":{"line":1436,"column":0},"end":{"line":1436,"column":49}},"1436":{"start":{"line":1437,"column":0},"end":{"line":1437,"column":50}},"1437":{"start":{"line":1438,"column":0},"end":{"line":1438,"column":48}},"1438":{"start":{"line":1439,"column":0},"end":{"line":1439,"column":39}},"1439":{"start":{"line":1440,"column":0},"end":{"line":1440,"column":9}},"1440":{"start":{"line":1441,"column":0},"end":{"line":1441,"column":6}},"1441":{"start":{"line":1442,"column":0},"end":{"line":1442,"column":3}},"1446":{"start":{"line":1447,"column":0},"end":{"line":1447,"column":33}},"1448":{"start":{"line":1449,"column":0},"end":{"line":1449,"column":3}},"1453":{"start":{"line":1454,"column":0},"end":{"line":1454,"column":28}},"1454":{"start":{"line":1455,"column":0},"end":{"line":1455,"column":18}},"1455":{"start":{"line":1456,"column":0},"end":{"line":1456,"column":3}},"1460":{"start":{"line":1461,"column":0},"end":{"line":1461,"column":28}},"1461":{"start":{"line":1462,"column":0},"end":{"line":1462,"column":22}},"1462":{"start":{"line":1463,"column":0},"end":{"line":1463,"column":22}},"1463":{"start":{"line":1464,"column":0},"end":{"line":1464,"column":32}},"1464":{"start":{"line":1465,"column":0},"end":{"line":1465,"column":74}},"1465":{"start":{"line":1466,"column":0},"end":{"line":1466,"column":74}},"1467":{"start":{"line":1468,"column":0},"end":{"line":1468,"column":21}},"1468":{"start":{"line":1469,"column":0},"end":{"line":1469,"column":6}},"1469":{"start":{"line":1470,"column":0},"end":{"line":1470,"column":3}},"1470":{"start":{"line":1471,"column":0},"end":{"line":1471,"column":1}}},"s":{"0":1,"119":1,"123":1,"124":195,"125":195,"126":195,"127":195,"128":195,"129":195,"132":195,"135":195,"136":195,"138":195,"139":195,"140":195,"145":195,"146":2,"147":2,"161":195,"162":114,"163":114,"164":114,"165":114,"166":114,"167":114,"168":114,"169":114,"170":114,"172":114,"174":114,"175":114,"176":114,"177":114,"178":114,"179":0,"180":0,"181":114,"183":114,"184":114,"185":114,"186":114,"187":114,"192":195,"193":139,"194":139,"195":139,"198":139,"201":139,"203":139,"205":139,"206":17,"207":17,"208":17,"211":139,"212":4,"213":4,"216":139,"217":43,"218":43,"219":38,"220":38,"221":43,"224":83,"226":139,"227":2,"228":2,"231":81,"233":139,"234":73,"235":73,"236":139,"237":2,"238":8,"239":6,"240":6,"241":6,"242":6,"243":6,"244":6,"246":76,"247":139,"248":6,"249":2,"250":2,"251":2,"253":4,"254":4,"255":6,"256":6,"257":6,"259":6,"260":6,"261":139,"266":195,"267":139,"268":139,"269":139,"270":139,"273":139,"274":23,"276":23,"277":16,"278":16,"279":16,"280":4,"281":4,"282":23,"283":2,"284":2,"285":2,"286":2,"287":4,"288":2,"289":2,"290":2,"291":0,"292":0,"293":7,"294":3,"295":3,"296":3,"297":0,"298":0,"299":5,"300":1,"301":1,"302":1,"303":0,"304":0,"305":1,"306":23,"308":139,"309":139,"310":7,"311":139,"313":139,"314":139,"315":139,"316":139,"317":139,"318":139,"319":139,"320":139,"321":139,"322":139,"323":139,"324":139,"325":139,"326":139,"327":139,"328":139,"329":139,"334":195,"335":139,"336":139,"337":139,"338":139,"340":139,"341":139,"342":101,"343":101,"344":139,"345":0,"346":0,"347":139,"348":139,"349":101,"350":101,"351":139,"352":0,"353":0,"354":139,"355":102,"356":102,"357":139,"358":0,"359":0,"360":139,"361":40,"362":40,"363":40,"364":139,"365":61,"366":61,"367":61,"368":139,"369":2,"370":2,"371":139,"372":0,"373":0,"374":0,"375":139,"376":3,"377":3,"378":0,"379":3,"380":0,"381":0,"382":3,"383":3,"384":3,"385":3,"386":139,"387":76,"388":76,"389":76,"390":76,"391":139,"392":2,"393":2,"394":2,"395":2,"396":2,"397":139,"398":20,"399":20,"400":20,"401":139,"403":139,"404":139,"409":195,"410":101,"411":101,"412":101,"413":101,"414":101,"419":195,"420":83,"421":83,"422":83,"423":83,"424":83,"425":83,"426":83,"428":83,"430":83,"431":96,"432":15,"433":15,"434":15,"435":96,"437":83,"438":83,"443":195,"444":81,"445":79,"447":79,"448":79,"449":79,"450":79,"452":0,"453":81,"454":81,"459":195,"460":73,"461":73,"462":73,"463":73,"465":73,"466":73,"467":73,"469":73,"470":73,"471":15,"472":73,"473":73,"474":73,"476":73,"477":73,"482":195,"483":152,"484":152,"485":152,"486":152,"488":152,"489":152,"494":195,"495":108,"496":108,"497":108,"499":108,"500":15,"501":15,"503":108,"504":108,"509":195,"510":108,"511":108,"512":108,"513":108,"514":108,"515":108,"516":108,"517":108,"518":108,"519":108,"520":108,"525":195,"526":59,"527":1,"528":59,"529":58,"530":58,"531":59,"535":195,"536":18,"537":0,"538":18,"539":18,"540":18,"541":18,"545":195,"546":6,"547":0,"548":6,"549":6,"550":6,"551":6,"555":195,"556":6,"557":0,"558":6,"559":6,"560":6,"561":6,"565":195,"566":5,"567":0,"568":5,"569":5,"570":5,"571":5,"575":195,"576":5,"577":0,"578":5,"579":5,"580":5,"581":5,"585":195,"586":5,"587":0,"588":5,"589":5,"590":5,"591":5,"595":195,"596":4,"597":0,"598":4,"599":4,"600":4,"601":4,"621":195,"622":17,"629":17,"634":17,"635":17,"636":11,"637":11,"638":11,"639":11,"640":17,"641":6,"642":6,"643":6,"644":6,"645":6,"646":17,"669":195,"670":7,"671":7,"672":7,"673":7,"674":3,"675":3,"676":3,"677":3,"678":3,"679":7,"680":4,"681":4,"682":4,"683":4,"684":4,"685":4,"686":7,"704":195,"705":11,"706":11,"708":11,"709":11,"710":11,"712":11,"713":3,"714":1,"715":3,"716":1,"717":1,"719":1,"720":1,"721":1,"722":2,"723":2,"724":2,"725":1,"726":1,"727":3,"729":11,"730":2,"731":2,"732":1,"733":1,"734":1,"735":2,"736":2,"737":2,"739":11,"740":1,"741":1,"742":0,"743":0,"744":0,"745":1,"746":1,"747":1,"749":11,"750":1,"751":1,"752":0,"753":0,"754":0,"755":1,"756":1,"757":1,"759":11,"760":1,"761":1,"762":0,"763":0,"764":0,"765":1,"766":1,"767":1,"769":11,"770":1,"771":1,"772":0,"773":0,"774":0,"775":1,"776":1,"777":1,"779":11,"780":1,"781":1,"782":0,"783":0,"784":0,"785":1,"786":1,"787":1,"789":11,"790":1,"791":1,"792":0,"793":0,"794":0,"795":1,"796":1,"797":1,"799":11,"800":1,"801":1,"802":0,"803":0,"804":0,"805":1,"806":1,"807":1,"809":11,"810":3,"811":3,"813":11,"814":2,"815":2,"817":11,"818":2,"819":2,"821":11,"822":2,"823":2,"825":11,"826":2,"827":2,"828":11,"830":11,"831":11,"855":195,"857":7,"858":7,"859":7,"860":7,"861":7,"862":7,"882":195,"883":1,"884":1,"885":1,"886":1,"887":1,"888":1,"910":195,"911":15,"912":15,"913":15,"914":15,"916":15,"917":15,"918":15,"921":15,"922":2,"923":2,"924":2,"926":15,"927":2,"928":2,"929":2,"931":15,"932":2,"933":2,"934":2,"936":15,"937":2,"938":2,"940":15,"941":2,"942":2,"944":15,"945":2,"946":2,"949":15,"950":5,"951":5,"952":5,"954":5,"955":5,"958":15,"959":1,"960":1,"961":1,"963":1,"964":1,"965":1,"968":15,"969":13,"971":13,"972":20,"973":2,"974":2,"977":2,"978":0,"979":2,"982":2,"983":0,"984":2,"987":2,"988":2,"989":2,"990":2,"991":2,"993":2,"994":1,"995":1,"996":1,"997":1,"998":1,"999":1,"1000":1,"1001":0,"1002":0,"1003":0,"1004":0,"1005":0,"1006":0,"1007":1,"1008":1,"1010":2,"1011":2,"1012":2,"1013":0,"1014":0,"1015":2,"1016":2,"1018":20,"1019":20,"1020":7,"1021":7,"1022":20,"1023":3,"1024":3,"1025":20,"1026":2,"1027":2,"1028":20,"1029":2,"1030":2,"1031":20,"1032":2,"1033":2,"1034":20,"1035":2,"1036":2,"1037":20,"1038":2,"1039":2,"1040":20,"1041":0,"1042":20,"1043":13,"1045":13,"1046":13,"1049":15,"1050":3,"1051":3,"1052":3,"1053":3,"1055":15,"1056":1,"1057":1,"1058":1,"1059":1,"1061":15,"1062":1,"1063":1,"1064":1,"1065":1,"1067":15,"1068":1,"1069":1,"1070":1,"1071":1,"1073":15,"1074":1,"1075":1,"1076":1,"1077":1,"1079":15,"1080":1,"1081":1,"1082":1,"1083":1,"1085":15,"1086":1,"1087":1,"1088":1,"1089":1,"1091":15,"1092":1,"1093":1,"1094":1,"1095":1,"1096":15,"1098":15,"1099":15,"1104":195,"1105":3,"1106":3,"1111":195,"1112":1,"1113":1,"1118":195,"1119":193,"1120":114,"1121":114,"1122":114,"1123":193,"1128":195,"1129":3,"1130":3,"1131":3,"1132":3,"1137":195,"1138":3,"1139":3,"1140":3,"1141":3,"1146":195,"1147":25,"1148":1,"1149":1,"1150":1,"1151":1,"1152":25,"1157":195,"1158":17,"1159":17,"1160":17,"1165":195,"1166":21,"1168":21,"1169":21,"1171":21,"1172":14,"1173":21,"1174":1,"1175":7,"1176":2,"1177":6,"1178":4,"1179":4,"1180":4,"1182":21,"1184":21,"1185":2,"1186":2,"1188":21,"1189":2,"1190":19,"1192":21,"1194":21,"1195":4,"1196":4,"1197":0,"1198":4,"1199":21,"1200":17,"1201":17,"1202":2,"1203":2,"1204":17,"1206":21,"1207":3,"1208":2,"1209":1,"1210":3,"1211":3,"1213":21,"1214":2,"1215":2,"1216":21,"1221":195,"1222":21,"1223":21,"1224":21,"1229":195,"1230":46,"1232":46,"1233":46,"1234":46,"1236":46,"1237":46,"1238":43,"1240":46,"1241":5,"1242":5,"1243":3,"1244":3,"1245":0,"1246":3,"1247":3,"1248":2,"1249":2,"1251":38,"1254":46,"1255":46,"1256":46,"1257":46,"1258":46,"1259":46,"1260":46,"1261":46,"1262":46,"1263":46,"1264":46,"1265":46,"1266":46,"1267":46,"1268":46,"1269":46,"1270":46,"1271":46,"1272":46,"1273":46,"1274":46,"1275":46,"1276":46,"1277":46,"1279":46,"1281":46,"1282":37,"1283":37,"1285":46,"1286":36,"1287":36,"1289":46,"1290":3,"1291":3,"1292":2,"1293":2,"1294":3,"1295":3,"1297":38,"1298":38,"1299":38,"1300":38,"1301":46,"1302":3,"1303":2,"1304":2,"1305":1,"1306":1,"1307":46,"1312":195,"1313":1,"1314":1,"1319":195,"1320":1,"1321":1,"1326":195,"1327":2,"1328":2,"1333":195,"1334":1,"1335":1,"1340":195,"1341":2,"1342":2,"1347":195,"1348":4,"1349":4,"1350":4,"1351":4,"1352":4,"1353":1,"1354":1,"1356":4,"1357":2,"1358":2,"1359":1,"1360":1,"1361":1,"1362":1,"1363":4,"1368":195,"1369":1,"1370":1,"1375":195,"1376":1,"1377":1,"1378":1,"1379":1,"1380":1,"1381":1,"1386":195,"1387":1,"1388":1,"1393":195,"1394":1,"1395":1,"1400":195,"1401":2,"1402":2,"1403":1,"1404":1,"1405":1,"1406":1,"1407":2,"1412":195,"1413":2,"1414":2,"1419":195,"1420":2,"1421":2,"1426":195,"1428":1,"1433":195,"1434":3,"1435":3,"1436":3,"1437":2,"1438":1,"1439":2,"1440":2,"1441":3,"1446":195,"1448":1,"1453":195,"1454":2,"1455":2,"1460":195,"1461":1,"1462":1,"1463":1,"1464":1,"1465":1,"1467":1,"1468":1,"1469":1,"1470":195},"branchMap":{"0":{"type":"branch","line":124,"loc":{"start":{"line":124,"column":2},"end":{"line":1471,"column":1}},"locations":[{"start":{"line":124,"column":2},"end":{"line":1471,"column":1}}]},"1":{"type":"branch","line":139,"loc":{"start":{"line":139,"column":2},"end":{"line":141,"column":3}},"locations":[{"start":{"line":139,"column":2},"end":{"line":141,"column":3}}]},"2":{"type":"branch","line":140,"loc":{"start":{"line":140,"column":10},"end":{"line":140,"column":24}},"locations":[{"start":{"line":140,"column":10},"end":{"line":140,"column":24}}]},"3":{"type":"branch","line":146,"loc":{"start":{"line":146,"column":16},"end":{"line":148,"column":3}},"locations":[{"start":{"line":146,"column":16},"end":{"line":148,"column":3}}]},"4":{"type":"branch","line":162,"loc":{"start":{"line":162,"column":2},"end":{"line":188,"column":3}},"locations":[{"start":{"line":162,"column":2},"end":{"line":188,"column":3}}]},"5":{"type":"branch","line":167,"loc":{"start":{"line":167,"column":36},"end":{"line":167,"column":68}},"locations":[{"start":{"line":167,"column":36},"end":{"line":167,"column":68}}]},"6":{"type":"branch","line":167,"loc":{"start":{"line":167,"column":64},"end":{"line":167,"column":73}},"locations":[{"start":{"line":167,"column":64},"end":{"line":167,"column":73}}]},"7":{"type":"branch","line":169,"loc":{"start":{"line":169,"column":36},"end":{"line":169,"column":68}},"locations":[{"start":{"line":169,"column":36},"end":{"line":169,"column":68}}]},"8":{"type":"branch","line":169,"loc":{"start":{"line":169,"column":47},"end":{"line":169,"column":78}},"locations":[{"start":{"line":169,"column":47},"end":{"line":169,"column":78}}]},"9":{"type":"branch","line":171,"loc":{"start":{"line":171,"column":36},"end":{"line":171,"column":70}},"locations":[{"start":{"line":171,"column":36},"end":{"line":171,"column":70}}]},"10":{"type":"branch","line":171,"loc":{"start":{"line":171,"column":49},"end":{"line":171,"column":79}},"locations":[{"start":{"line":171,"column":49},"end":{"line":171,"column":79}}]},"11":{"type":"branch","line":193,"loc":{"start":{"line":193,"column":2},"end":{"line":262,"column":3}},"locations":[{"start":{"line":193,"column":2},"end":{"line":262,"column":3}}]},"12":{"type":"branch","line":206,"loc":{"start":{"line":206,"column":15},"end":{"line":206,"column":52}},"locations":[{"start":{"line":206,"column":15},"end":{"line":206,"column":52}}]},"13":{"type":"branch","line":206,"loc":{"start":{"line":206,"column":52},"end":{"line":209,"column":7}},"locations":[{"start":{"line":206,"column":52},"end":{"line":209,"column":7}}]},"14":{"type":"branch","line":209,"loc":{"start":{"line":209,"column":6},"end":{"line":212,"column":28}},"locations":[{"start":{"line":209,"column":6},"end":{"line":212,"column":28}}]},"15":{"type":"branch","line":212,"loc":{"start":{"line":212,"column":28},"end":{"line":214,"column":7}},"locations":[{"start":{"line":212,"column":28},"end":{"line":214,"column":7}}]},"16":{"type":"branch","line":214,"loc":{"start":{"line":214,"column":6},"end":{"line":217,"column":35}},"locations":[{"start":{"line":214,"column":6},"end":{"line":217,"column":35}}]},"17":{"type":"branch","line":217,"loc":{"start":{"line":217,"column":15},"end":{"line":217,"column":93}},"locations":[{"start":{"line":217,"column":15},"end":{"line":217,"column":93}}]},"18":{"type":"branch","line":217,"loc":{"start":{"line":217,"column":77},"end":{"line":217,"column":90}},"locations":[{"start":{"line":217,"column":77},"end":{"line":217,"column":90}}]},"19":{"type":"branch","line":217,"loc":{"start":{"line":217,"column":93},"end":{"line":222,"column":7}},"locations":[{"start":{"line":217,"column":93},"end":{"line":222,"column":7}}]},"20":{"type":"branch","line":218,"loc":{"start":{"line":218,"column":63},"end":{"line":219,"column":28}},"locations":[{"start":{"line":218,"column":63},"end":{"line":219,"column":28}}]},"21":{"type":"branch","line":219,"loc":{"start":{"line":219,"column":28},"end":{"line":221,"column":9}},"locations":[{"start":{"line":219,"column":28},"end":{"line":221,"column":9}}]},"22":{"type":"branch","line":222,"loc":{"start":{"line":222,"column":6},"end":{"line":227,"column":27}},"locations":[{"start":{"line":222,"column":6},"end":{"line":227,"column":27}}]},"23":{"type":"branch","line":227,"loc":{"start":{"line":227,"column":27},"end":{"line":229,"column":7}},"locations":[{"start":{"line":227,"column":27},"end":{"line":229,"column":7}}]},"24":{"type":"branch","line":229,"loc":{"start":{"line":229,"column":6},"end":{"line":234,"column":17}},"locations":[{"start":{"line":229,"column":6},"end":{"line":234,"column":17}}]},"25":{"type":"branch","line":234,"loc":{"start":{"line":234,"column":17},"end":{"line":237,"column":17}},"locations":[{"start":{"line":234,"column":17},"end":{"line":237,"column":17}}]},"26":{"type":"branch","line":236,"loc":{"start":{"line":236,"column":36},"end":{"line":237,"column":17}},"locations":[{"start":{"line":236,"column":36},"end":{"line":237,"column":17}}]},"27":{"type":"branch","line":237,"loc":{"start":{"line":237,"column":6},"end":{"line":245,"column":7}},"locations":[{"start":{"line":237,"column":6},"end":{"line":245,"column":7}}]},"28":{"type":"branch","line":237,"loc":{"start":{"line":237,"column":39},"end":{"line":239,"column":13}},"locations":[{"start":{"line":237,"column":39},"end":{"line":239,"column":13}}]},"29":{"type":"branch","line":239,"loc":{"start":{"line":239,"column":6},"end":{"line":245,"column":7}},"locations":[{"start":{"line":239,"column":6},"end":{"line":245,"column":7}}]},"30":{"type":"branch","line":245,"loc":{"start":{"line":245,"column":6},"end":{"line":248,"column":13}},"locations":[{"start":{"line":245,"column":6},"end":{"line":248,"column":13}}]},"31":{"type":"branch","line":248,"loc":{"start":{"line":248,"column":4},"end":{"line":261,"column":5}},"locations":[{"start":{"line":248,"column":4},"end":{"line":261,"column":5}}]},"32":{"type":"branch","line":249,"loc":{"start":{"line":249,"column":29},"end":{"line":252,"column":7}},"locations":[{"start":{"line":249,"column":29},"end":{"line":252,"column":7}}]},"33":{"type":"branch","line":252,"loc":{"start":{"line":252,"column":6},"end":{"line":256,"column":45}},"locations":[{"start":{"line":252,"column":6},"end":{"line":256,"column":45}}]},"34":{"type":"branch","line":256,"loc":{"start":{"line":256,"column":34},"end":{"line":256,"column":69}},"locations":[{"start":{"line":256,"column":34},"end":{"line":256,"column":69}}]},"35":{"type":"branch","line":267,"loc":{"start":{"line":267,"column":2},"end":{"line":330,"column":3}},"locations":[{"start":{"line":267,"column":2},"end":{"line":330,"column":3}}]},"36":{"type":"branch","line":274,"loc":{"start":{"line":274,"column":83},"end":{"line":307,"column":5}},"locations":[{"start":{"line":274,"column":83},"end":{"line":307,"column":5}}]},"37":{"type":"branch","line":275,"loc":{"start":{"line":275,"co
[...]
ne":277,"column":1}},"locations":[{"start":{"line":261,"column":0},"end":{"line":277,"column":1}}]},"2":{"type":"branch","line":263,"loc":{"start":{"line":263,"column":18},"end":{"line":275,"column":3}},"locations":[{"start":{"line":263,"column":18},"end":{"line":275,"column":3}}]},"3":{"type":"branch","line":266,"loc":{"start":{"line":266,"column":18},"end":{"line":272,"column":11}},"locations":[{"start":{"line":266,"column":18},"end":{"line":272,"column":11}}]},"4":{"type":"branch","line":267,"loc":{"start":{"line":267,"column":35},"end":{"line":269,"column":13}},"locations":[{"start":{"line":267,"column":35},"end":{"line":269,"column":13}}]},"5":{"type":"branch","line":272,"loc":{"start":{"line":272,"column":4},"end":{"line":274,"column":5}},"locations":[{"start":{"line":272,"column":4},"end":{"line":274,"column":5}}]},"6":{"type":"branch","line":282,"loc":{"start":{"line":282,"column":7},"end":{"line":303,"column":1}},"locations":[{"start":{"line":282,"column":7},"end":{"line":303,"column":1}}]},"7":{"type":"branch","line":292,"loc":{"start":{"line":292,"column":17},"end":{"line":292,"column":48}},"locations":[{"start":{"line":292,"column":17},"end":{"line":292,"column":48}}]},"8":{"type":"branch","line":292,"loc":{"start":{"line":292,"column":40},"end":{"line":292,"column":52}},"locations":[{"start":{"line":292,"column":40},"end":{"line":292,"column":52}}]},"9":{"type":"branch","line":293,"loc":{"start":{"line":293,"column":25},"end":{"line":293,"column":56}},"locations":[{"start":{"line":293,"column":25},"end":{"line":293,"column":56}}]},"10":{"type":"branch","line":293,"loc":{"start":{"line":293,"column":48},"end":{"line":293,"column":60}},"locations":[{"start":{"line":293,"column":48},"end":{"line":293,"column":60}}]},"11":{"type":"branch","line":295,"loc":{"start":{"line":295,"column":22},"end":{"line":295,"column":37}},"locations":[{"start":{"line":295,"column":22},"end":{"line":295,"column":37}}]},"12":{"type":"branch","line":297,"loc":{"start":{"line":297,"column":22},"end":{"line":297,"column":41}},"locations":[{"start":{"line":297,"column":22},"end":{"line":297,"column":41}}]},"13":{"type":"branch","line":297,"loc":{"start":{"line":297,"column":31},"end":{"line":297,"column":48}},"locations":[{"start":{"line":297,"column":31},"end":{"line":297,"column":48}}]},"14":{"type":"branch","line":308,"loc":{"start":{"line":308,"column":7},"end":{"line":428,"column":1}},"locations":[{"start":{"line":308,"column":7},"end":{"line":428,"column":1}}]},"15":{"type":"branch","line":313,"loc":{"start":{"line":313,"column":4},"end":{"line":315,"column":6}},"locations":[{"start":{"line":313,"column":4},"end":{"line":315,"column":6}}]},"16":{"type":"branch","line":319,"loc":{"start":{"line":319,"column":4},"end":{"line":321,"column":6}},"locations":[{"start":{"line":319,"column":4},"end":{"line":321,"column":6}}]},"17":{"type":"branch","line":325,"loc":{"start":{"line":325,"column":4},"end":{"line":328,"column":6}},"locations":[{"start":{"line":325,"column":4},"end":{"line":328,"column":6}}]},"18":{"type":"branch","line":330,"loc":{"start":{"line":330,"column":4},"end":{"line":332,"column":6}},"locations":[{"start":{"line":330,"column":4},"end":{"line":332,"column":6}}]},"19":{"type":"branch","line":334,"loc":{"start":{"line":334,"column":4},"end":{"line":337,"column":6}},"locations":[{"start":{"line":334,"column":4},"end":{"line":337,"column":6}}]},"20":{"type":"branch","line":339,"loc":{"start":{"line":339,"column":4},"end":{"line":344,"column":6}},"locations":[{"start":{"line":339,"column":4},"end":{"line":344,"column":6}}]},"21":{"type":"branch","line":340,"loc":{"start":{"line":340,"column":38},"end":{"line":342,"column":7}},"locations":[{"start":{"line":340,"column":38},"end":{"line":342,"column":7}}]},"22":{"type":"branch","line":346,"loc":{"start":{"line":346,"column":4},"end":{"line":348,"column":6}},"locations":[{"start":{"line":346,"column":4},"end":{"line":348,"column":6}}]},"23":{"type":"branch","line":347,"loc":{"start":{"line":347,"column":34},"end":{"line":347,"column":49}},"locations":[{"start":{"line":347,"column":34},"end":{"line":347,"column":49}}]},"24":{"type":"branch","line":350,"loc":{"start":{"line":350,"column":4},"end":{"line":356,"column":6}},"locations":[{"start":{"line":350,"column":4},"end":{"line":356,"column":6}}]},"25":{"type":"branch","line":352,"loc":{"start":{"line":352,"column":30},"end":{"line":354,"column":7}},"locations":[{"start":{"line":352,"column":30},"end":{"line":354,"column":7}}]},"26":{"type":"branch","line":358,"loc":{"start":{"line":358,"column":4},"end":{"line":361,"column":6}},"locations":[{"start":{"line":358,"column":4},"end":{"line":361,"column":6}}]},"27":{"type":"branch","line":363,"loc":{"start":{"line":363,"column":4},"end":{"line":365,"column":6}},"locations":[{"start":{"line":363,"column":4},"end":{"line":365,"column":6}}]},"28":{"type":"branch","line":367,"loc":{"start":{"line":367,"column":4},"end":{"line":389,"column":6}},"locations":[{"start":{"line":367,"column":4},"end":{"line":389,"column":6}}]},"29":{"type":"branch","line":368,"loc":{"start":{"line":368,"column":33},"end":{"line":370,"column":17}},"locations":[{"start":{"line":368,"column":33},"end":{"line":370,"column":17}}]},"30":{"type":"branch","line":370,"loc":{"start":{"line":370,"column":6},"end":{"line":387,"column":7}},"locations":[{"start":{"line":370,"column":6},"end":{"line":387,"column":7}}]},"31":{"type":"branch","line":370,"loc":{"start":{"line":370,"column":46},"end":{"line":375,"column":17}},"locations":[{"start":{"line":370,"column":46},"end":{"line":375,"column":17}}]},"32":{"type":"branch","line":371,"loc":{"start":{"line":371,"column":48},"end":{"line":373,"column":9}},"locations":[{"start":{"line":371,"column":48},"end":{"line":373,"column":9}}]},"33":{"type":"branch","line":375,"loc":{"start":{"line":375,"column":6},"end":{"line":387,"column":7}},"locations":[{"start":{"line":375,"column":6},"end":{"line":387,"column":7}}]},"34":{"type":"branch","line":375,"loc":{"start":{"line":375,"column":36},"end":{"line":375,"column":82}},"locations":[{"start":{"line":375,"column":36},"end":{"line":375,"column":82}}]},"35":{"type":"branch","line":375,"loc":{"start":{"line":375,"column":82},"end":{"line":380,"column":17}},"locations":[{"start":{"line":375,"column":82},"end":{"line":380,"column":17}}]},"36":{"type":"branch","line":380,"loc":{"start":{"line":380,"column":6},"end":{"line":387,"column":7}},"locations":[{"start":{"line":380,"column":6},"end":{"line":387,"column":7}}]},"37":{"type":"branch","line":380,"loc":{"start":{"line":380,"column":46},"end":{"line":385,"column":13}},"locations":[{"start":{"line":380,"column":46},"end":{"line":385,"column":13}}]},"38":{"type":"branch","line":381,"loc":{"start":{"line":381,"column":48},"end":{"line":383,"column":9}},"locations":[{"start":{"line":381,"column":48},"end":{"line":383,"column":9}}]},"39":{"type":"branch","line":385,"loc":{"start":{"line":385,"column":6},"end":{"line":387,"column":7}},"locations":[{"start":{"line":385,"column":6},"end":{"line":387,"column":7}}]},"40":{"type":"branch","line":391,"loc":{"start":{"line":391,"column":4},"end":{"line":393,"column":6}},"locations":[{"start":{"line":391,"column":4},"end":{"line":393,"column":6}}]},"41":{"type":"branch","line":395,"loc":{"start":{"line":395,"column":4},"end":{"line":398,"column":6}},"locations":[{"start":{"line":395,"column":4},"end":{"line":398,"column":6}}]},"42":{"type":"branch","line":400,"loc":{"start":{"line":400,"column":4},"end":{"line":403,"column":6}},"locations":[{"start":{"line":400,"column":4},"end":{"line":403,"column":6}}]},"43":{"type":"branch","line":405,"loc":{"start":{"line":405,"column":4},"end":{"line":412,"column":6}},"locations":[{"start":{"line":405,"column":4},"end":{"line":412,"column":6}}]},"44":{"type":"branch","line":406,"loc":{"start":{"line":406,"column":37},"end":{"line":406,"column":54}},"locations":[{"start":{"line":406,"column":37},"end":{"line":406,"column":54}}]},"45":{"type":"branch","line":406,"loc":{"start":{"line":406,"column":54},"end":{"line":410,"column":7}},"locations":[{"start":{"line":406,"column":54},"end":{"line":410,"column":7}}]},"46":{"type":"branch","line":414,"loc":{"start":{"line":414,"column":4},"end":{"line":420,"column":6}},"locations":[{"start":{"line":414,"column":4},"end":{"line":420,"column":6}}]},"47":{"type":"branch","line":422,"loc":{"start":{"line":422,"column":4},"end":{"line":424,"column":6}},"locations":[{"start":{"line":422,"column":4},"end":{"line":424,"column":6}}]},"48":{"type":"branch","line":433,"loc":{"start":{"line":433,"column":0},"end":{"line":435,"column":1}},"locations":[{"start":{"line":433,"column":0},"end":{"line":435,"column":1}}]},"49":{"type":"branch","line":440,"loc":{"start":{"line":440,"column":7},"end":{"line":476,"column":1}},"locations":[{"start":{"line":440,"column":7},"end":{"line":476,"column":1}}]},"50":{"type":"branch","line":447,"loc":{"start":{"line":447,"column":9},"end":{"line":475,"column":4}},"locations":[{"start":{"line":447,"column":9},"end":{"line":475,"column":4}}]},"51":{"type":"branch","line":451,"loc":{"start":{"line":451,"column":27},"end":{"line":456,"column":11}},"locations":[{"start":{"line":451,"column":27},"end":{"line":456,"column":11}}]},"52":{"type":"branch","line":452,"loc":{"start":{"line":452,"column":41},"end":{"line":453,"column":30}},"locations":[{"start":{"line":452,"column":41},"end":{"line":453,"column":30}}]},"53":{"type":"branch","line":453,"loc":{"start":{"line":453,"column":30},"end":{"line":455,"column":7}},"locations":[{"start":{"line":453,"column":30},"end":{"line":455,"column":7}}]},"54":{"type":"branch","line":456,"loc":{"start":{"line":456,"column":4},"end":{"line":474,"column":5}},"locations":[{"start":{"line":456,"column":4},"end":{"line":474,"column":5}}]},"55":{"type":"branch","line":457,"loc":{"start":{"line":457,"column":31},"end":{"line":473,"column":7}},"locations":[{"start":{"line":457,"column":31},"end":{"line":473,"column":7}}]},"56":{"type":"branch","line":470,"loc":{"start":{"line":470,"column":8},"end":{"line":472,"column":9}},"locations":[{"start":{"line":470,"column":8},"end":{"line":472,"column":9}}]},"57":{"type":"branch","line":458,"loc":{"start":{"line":458,"column":42},"end":{"line":466,"column":10}},"locations":[{"start":{"line":458,"column":42},"end":{"line":466,"column":10}}]},"58":{"type":"branch","line":459,"loc":{"start":{"line":459,"column":19},"end":{"line":465,"column":11}},"locations":[{"start":{"line":459,"column":19},"end":{"line":465,"column":11}}]},"59":{"type":"branch","line":463,"loc":{"start":{"line":463,"column":10},"end":{"line":465,"column":11}},"locations":[{"start":{"line":463,"column":10},"end":{"line":465,"column":11}}]},"60":{"type":"branch","line":482,"loc":{"start":{"line":482,"column":7},"end":{"line":511,"column":1}},"locations":[{"start":{"line":482,"column":7},"end":{"line":511,"column":1}}]},"61":{"type":"branch","line":487,"loc":{"start":{"line":487,"column":21},"end":{"line":510,"column":3}},"locations":[{"start":{"line":487,"column":21},"end":{"line":510,"column":3}}]},"62":{"type":"branch","line":488,"loc":{"start":{"line":488,"column":28},"end":{"line":496,"column":11}},"locations":[{"start":{"line":488,"column":28},"end":{"line":496,"column":11}}]},"63":{"type":"branch","line":491,"loc":{"start":{"line":491,"column":37},"end":{"line":493,"column":13}},"locations":[{"start":{"line":491,"column":37},"end":{"line":493,"column":13}}]},"64":{"type":"branch","line":493,"loc":{"start":{"line":493,"column":6},"end":{"line":495,"column":7}},"locations":[{"start":{"line":493,"column":6},"end":{"line":495,"column":7}}]},"65":{"type":"branch","line":496,"loc":{"start":{"line":496,"column":4},"end":{"line":509,"column":5}},"locations":[{"start":{"line":496,"column":4},"end":{"line":509,"column":5}}]},"66":{"type":"branch","line":506,"loc":{"start":{"line":506,"column":6},"end":{"line":508,"column":7}},"locations":[{"start":{"line":506,"column":6},"end":{"line":508,"column":7}}]},"67":{"type":"branch","line":499,"loc":{"start":{"line":499,"column":59},"end":{"line":505,"column":9}},"locations":[{"start":{"line":499,"column":59},"end":{"line":505,"column":9}}]},"68":{"type":"branch","line":500,"loc":{"start":{"line":500,"column":19},"end":{"line":504,"column":11}},"locations":[{"start":{"line":500,"column":19},"end":{"line":504,"column":11}}]},"69":{"type":"branch","line":516,"loc":{"start":{"line":516,"column":7},"end":{"line":546,"column":1}},"locations":[{"start":{"line":516,"column":7},"end":{"line":546,"column":1}}]},"70":{"type":"branch","line":517,"loc":{"start":{"line":517,"column":22},"end":{"line":519,"column":4}},"locations":[{"start":{"line":517,"column":22},"end":{"line":519,"column":4}}]},"71":{"type":"branch","line":517,"loc":{"start":{"line":517,"column":41},"end":{"line":519,"column":4}},"locations":[{"start":{"line":517,"column":41},"end":{"line":519,"column":4}}]},"72":{"type":"branch","line":528,"loc":{"start":{"line":528,"column":4},"end":{"line":544,"column":6}},"locations":[{"start":{"line":528,"column":4},"end":{"line":544,"column":6}}]},"73":{"type":"branch","line":530,"loc":{"start":{"line":530,"column":13},"end":{"line":530,"column":36}},"locations":[{"start":{"line":530,"column":13},"end":{"line":530,"column":36}}]},"74":{"type":"branch","line":533,"loc":{"start":{"line":533,"column":19},"end":{"line":534,"column":79}},"locations":[{"start":{"line":533,"column":19},"end":{"line":534,"column":79}}]},"75":{"type":"branch","line":534,"loc":{"start":{"line":534,"column":8},"end":{"line":534,"column":79}},"locations":[{"start":{"line":534,"column":8},"end":{"line":534,"column":79}}]}},"b":{"0":[20],"1":[20],"2":[36],"3":[1],"4":[0],"5":[35],"6":[20],"7":[0],"8":[0],"9":[0],"10":[0],"11":[1],"12":[1],"13":[19],"14":[36],"15":[3],"16":[8],"17":[2],"18":[1],"19":[1],"20":[1],"21":[3],"22":[1],"23":[0],"24":[1],"25":[2],"26":[1],"27":[2],"28":[13],"29":[1],"30":[12],"31":[2],"32":[1],"33":[10],"34":[9],"35":[2],"36":[8],"37":[6],"38":[5],"39":[2],"40":[2],"41":[1],"42":[1],"43":[2],"44":[1],"45":[1],"46":[1],"47":[1],"48":[7],"49":[13],"50":[7],"51":[5],"52":[3],"53":[2],"54":[2],"55":[2],"56":[0],"57":[2],"58":[1],"59":[0],"60":[7],"61":[7],"62":[5],"63":[4],"64":[0],"65":[2],"66":[0],"67":[2],"68":[1],"69":[24],"70":[144],"71":[3],"72":[1],"73":[1],"74":[6],"75":[1]},"fnMap":{"0":{"name":"generateRequestId","decl":{"start":{"line":254,"column":0},"end":{"line":256,"column":1}},"loc":{"start":{"line":254,"column":0},"end":{"line":256,"column":1}},"line":254},"1":{"name":"headersToObject","decl":{"start":{"line":261,"column":0},"end":{"line":277,"column":1}},"loc":{"start":{"line":261,"column":0},"end":{"line":277,"column":1}},"line":261},"2":{"name":"createFastifyRequest","decl":{"start":{"line":282,"column":7},"end":{"line":303,"column":1}},"loc":{"start":{"line":282,"column":7},"end":{"line":303,"column":1}},"line":282},"3":{"name":"createFastifyReply","decl":{"start":{"line":308,"column":7},"end":{"line":428,"column":1}},"loc":{"start":{"line":308,"column":7},"end":{"line":428,"column":1}},"line":308},"4":{"name":"get statusCode","decl":{"start":{"line":313,"column":4},"end":{"line":315,"column":6}},"loc":{"start":{"line":313,"column":4},"end":{"line":315,"column":6}},"line":313},"5":{"name":"set statusCode","decl":{"start":{"line":316,"column":4},"end":{"line":318,"column":6}},"loc":{"start":{"line":316,"column":4},"end":{"line":318,"column":6}},"line":316},"6":{"name":"get sent","decl":{"start":{"line":319,"column":4},"end":{"line":321,"column":6}},"loc":{"start":{"line":319,"column":4},"end":{"line":321,"column":6}},"line":319},"7":{"name":"code","decl":{"start":{"line":325,"column":4},"end":{"line":328,"column":6}},"loc":{"start":{"line":325,"column":4},"end":{"line":328,"column":6}},"line":325},"8":{"name":"status","decl":{"start":{"line":330,"column":4},"end":{"line":332,"column":6}},"loc":{"start":{"line":330,"column":4},"end":{"line":332,"column":6}},"line":330},"9":{"name":"header","decl":{"start":{"line":334,"column":4},"end":{"line":337,"column":6}},"loc":{"start":{"line":334,"column":4},"end":{"line":337,"column":6}},"line":334},"10":{"name":"headers","decl":{"start":{"line":339,"column":4},"end":{"line":344,"column":6}},"loc":{"start":{"line":339,"column":4},"end":{"line":344,"column":6}},"line":339},"11":{"name":"getHeader","decl":{"start":{"line":346,"column":4},"end":{"line":348,"column":6}},"loc":{"start":{"line":346,"column":4},"end":{"line":348,"column":6}},"line":346},"12":{"name":"getHeaders","decl":{"start":{"line":350,"column":4},"end":{"line":356,"column":6}},"loc":{"start":{"line":350,"column":4},"end":{"line":356,"column":6}},"line":350},"13":{"name":"removeHeader","decl":{"start":{"line":358,"column":4},"end":{"line":361,"column":6}},"loc":{"start":{"line":358,"column":4},"end":{"line":361,"column":6}},"line":358},"14":{"name":"hasHeader","decl":{"start":{"line":363,"column":4},"end":{"line":365,"column":6}},"loc":{"start":{"line":363,"column":4},"end":{"line":365,"column":6}},"line":363},"15":{"name":"send","decl":{"start":{"line":367,"column":4},"end":{"line":389,"column":6}},"loc":{"start":{"line":367,"column":4},"end":{"line":389,"column":6}},"line":367},"16":{"name":"serialize","decl":{"start":{"line":391,"column":4},"end":{"line":393,"column":6}},"loc":{"start":{"line":391,"column":4},"end":{"line":393,"column":6}},"line":391},"17":{"name":"serializer","decl":{"start":{"line":395,"column":4},"end":{"line":398,"column":6}},"loc":{"start":{"line":395,"column":4},"end":{"line":398,"column":6}},"line":395},"18":{"name":"type","decl":{"start":{"line":400,"column":4},"end":{"line":403,"column":6}},"loc":{"start":{"line":400,"column":4},"end":{"line":403,"column":6}},"line":400},"19":{"name":"redirect","decl":{"start":{"line":405,"column":4},"end":{"line":412,"column":6}},"loc":{"start":{"line":405,"column":4},"end":{"line":412,"column":6}},"line":405},"20":{"name":"callNotFound","decl":{"start":{"line":414,"column":4},"end":{"line":420,"column":6}},"loc":{"start":{"line":414,"column":4},"end":{"line":420,"column":6}},"line":414},"21":{"name":"getResponseTime","decl":{"start":{"line":422,"column":4},"end":{"line":424,"column":6}},"loc":{"start":{"line":422,"column":4},"end":{"line":424,"column":6}},"line":422},"22":{"name":"isAsyncHook","decl":{"start":{"line":433,"column":0},"end":{"line":435,"column":1}},"loc":{"start":{"line":433,"column":0},"end":{"line":435,"column":1}},"line":433},"23":{"name":"wrapFastifyHook","decl":{"start":{"line":440,"column":7},"end":{"line":476,"column":1}},"loc":{"start":{"line":440,"column":7},"end":{"line":476,"column":1}},"line":440},"24":{"name":"done","decl":{"start":{"line":458,"column":42},"end":{"line":466,"column":10}},"loc":{"start":{"line":458,"column":42},"end":{"line":466,"column":10}},"line":458},"25":{"name":"wrapFastifyPlugin","decl":{"start":{"line":482,"column":7},"end":{"line":511,"column":1}},"loc":{"start":{"line":482,"column":7},"end":{"line":511,"column":1}},"line":482},"26":{"name":"createFastifyLogger","decl":{"start":{"line":516,"column":7},"end":{"line":546,"column":1}},"loc":{"start":{"line":516,"column":7},"end":{"line":546,"column":1}},"line":516},"27":{"name":"createLogFn","decl":{"start":{"line":517,"column":22},"end":{"line":519,"column":4}},"loc":{"start":{"line":517,"column":22},"end":{"line":519,"column":4}},"line":517},"28":{"name":"child","decl":{"start":{"line":528,"column":4},"end":{"line":544,"column":6}},"loc":{"start":{"line":528,"column":4},"end":{"line":544,"column":6}},"line":528},"29":{"name":"wrap","decl":{"start":{"line":533,"column":19},"end":{"line":534,"column":79}},"loc":{"start":{"line":533,"column":19},"end":{"line":534,"column":79}},"line":533}},"f":{"0":20,"1":20,"2":20,"3":36,"4":3,"5":0,"6":8,"7":2,"8":1,"9":1,"10":1,"11":1,"12":1,"13":1,"14":2,"15":13,"16":2,"17":1,"18":1,"19":2,"20":1,"21":1,"22":7,"23":13,"24":2,"25":7,"26":24,"27":144,"28":1,"29":6}}
}
