TN:
SF:src/adapters/deno-adapter.ts
FN:124,<instance_members_initializer>
FN:139,DenoAdapter
FN:146,create
FN:162,listen
FN:179,onListen
FN:193,handleRequest
FN:267,createRequest
FN:335,createResponse
FN:342,get statusCode
FN:345,set statusCode
FN:349,get body
FN:352,set body
FN:355,get headersSent
FN:358,set headersSent
FN:361,status
FN:365,setHeader
FN:369,getHeader
FN:372,removeHeader
FN:376,send
FN:387,json
FN:392,redirect
FN:398,end
FN:410,buildResponse
FN:420,runMiddlewares
FN:431,next
FN:444,findRoute
FN:460,extractParams
FN:483,pathToRegex
FN:495,extractKeys
FN:510,registerRoute
FN:526,get
FN:536,post
FN:546,put
FN:556,delete
FN:566,patch
FN:576,options
FN:586,head
FN:596,all
FN:622,use
FN:670,useExpressMiddleware
FN:705,getExpressApp
FN:713,use
FN:730,get
FN:740,post
FN:750,put
FN:760,delete
FN:770,patch
FN:780,options
FN:790,head
FN:800,all
FN:810,set
FN:814,enable
FN:818,disable
FN:822,enabled
FN:826,disabled
FN:856,useFastifyHook
FN:883,registerFastifyPlugin
FN:911,getFastifyInstance
FN:922,decorate
FN:927,decorateRequest
FN:932,decorateReply
FN:937,hasDecorator
FN:941,hasRequestDecorator
FN:945,hasReplyDecorator
FN:950,addHook
FN:959,register
FN:969,route
FN:973,handler
FN:1050,get
FN:1056,post
FN:1062,put
FN:1068,delete
FN:1074,patch
FN:1080,options
FN:1086,head
FN:1092,all
FN:1105,getHttpServer
FN:1112,setHttpServer
FN:1119,close
FN:1129,setErrorHandler
FN:1138,setNotFoundHandler
FN:1147,enableCors
FN:1158,handleCors
FN:1166,applyCorsHeaders
FN:1222,useStaticAssets
FN:1230,serveStaticAsset
FN:1313,setViewEngine
FN:1320,render
FN:1327,getRequestHostname
FN:1334,getRequestMethod
FN:1341,getRequestUrl
FN:1348,reply
FN:1369,status
FN:1376,redirect
FN:1387,setHeader
FN:1394,getHeader
FN:1401,appendHeader
FN:1413,end
FN:1420,isHeadersSent
FN:1427,registerParserMiddleware
FN:1434,createMiddlewareFactory
FN:1447,initHttpServer
FN:1454,getType
FN:1461,applyVersionFilter
FNF:104
FNH:99
FNDA:195,<instance_members_initializer>
FNDA:195,DenoAdapter
FNDA:2,create
FNDA:114,listen
FNDA:0,onListen
FNDA:139,handleRequest
FNDA:139,createRequest
FNDA:139,createResponse
FNDA:101,get statusCode
FNDA:0,set statusCode
FNDA:101,get body
FNDA:0,set body
FNDA:102,get headersSent
FNDA:0,set headersSent
FNDA:40,status
FNDA:61,setHeader
FNDA:2,getHeader
FNDA:0,removeHeader
FNDA:3,send
FNDA:76,json
FNDA:2,redirect
FNDA:20,end
FNDA:101,buildResponse
FNDA:83,runMiddlewares
FNDA:96,next
FNDA:81,findRoute
FNDA:73,extractParams
FNDA:152,pathToRegex
FNDA:108,extractKeys
FNDA:108,registerRoute
FNDA:59,get
FNDA:18,post
FNDA:6,put
FNDA:6,delete
FNDA:5,patch
FNDA:5,options
FNDA:5,head
FNDA:4,all
FNDA:17,use
FNDA:7,useExpressMiddleware
FNDA:11,getExpressApp
FNDA:3,use
FNDA:2,get
FNDA:1,post
FNDA:1,put
FNDA:1,delete
FNDA:1,patch
FNDA:1,options
FNDA:1,head
FNDA:1,all
FNDA:3,set
FNDA:2,enable
FNDA:2,disable
FNDA:2,enabled
FNDA:2,disabled
FNDA:7,useFastifyHook
FNDA:1,registerFastifyPlugin
FNDA:15,getFastifyInstance
FNDA:2,decorate
FNDA:2,decorateRequest
FNDA:2,decorateReply
FNDA:2,hasDecorator
FNDA:2,hasRequestDecorator
FNDA:2,hasReplyDecorator
FNDA:5,addHook
FNDA:1,register
FNDA:13,route
FNDA:2,handler
FNDA:3,get
FNDA:1,post
FNDA:1,put
FNDA:1,delete
FNDA:1,patch
FNDA:1,options
FNDA:1,head
FNDA:1,all
FNDA:3,getHttpServer
FNDA:1,setHttpServer
FNDA:193,close
FNDA:3,setErrorHandler
FNDA:3,setNotFoundHandler
FNDA:25,enableCors
FNDA:17,handleCors
FNDA:21,applyCorsHeaders
FNDA:21,useStaticAssets
FNDA:46,serveStaticAsset
FNDA:1,setViewEngine
FNDA:1,render
FNDA:2,getRequestHostname
FNDA:1,getRequestMethod
FNDA:2,getRequestUrl
FNDA:4,reply
FNDA:1,status
FNDA:1,redirect
FNDA:1,setHeader
FNDA:1,getHeader
FNDA:2,appendHeader
FNDA:2,end
FNDA:2,isHeadersSent
FNDA:1,registerParserMiddleware
FNDA:3,createMiddlewareFactory
FNDA:1,initHttpServer
FNDA:2,getType
FNDA:1,applyVersionFilter
DA:1,1
DA:120,1
DA:124,1
DA:125,195
DA:126,195
DA:127,195
DA:128,195
DA:129,195
DA:130,195
DA:133,195
DA:136,195
DA:137,195
DA:139,195
DA:140,195
DA:141,195
DA:146,195
DA:147,2
DA:148,2
DA:162,195
DA:163,114
DA:164,114
DA:165,114
DA:166,114
DA:167,114
DA:168,114
DA:169,114
DA:170,114
DA:171,114
DA:173,114
DA:175,114
DA:176,114
DA:177,114
DA:178,114
DA:179,114
DA:180,0
DA:181,0
DA:182,114
DA:184,114
DA:185,114
DA:186,114
DA:187,114
DA:188,114
DA:193,195
DA:194,139
DA:195,139
DA:196,139
DA:199,139
DA:202,139
DA:204,139
DA:206,139
DA:207,17
DA:208,17
DA:209,17
DA:212,139
DA:213,4
DA:214,4
DA:217,139
DA:218,43
DA:219,43
DA:220,38
DA:221,38
DA:222,43
DA:225,83
DA:227,139
DA:228,2
DA:229,2
DA:232,81
DA:234,139
DA:235,73
DA:236,73
DA:237,139
DA:238,2
DA:239,8
DA:240,6
DA:241,6
DA:242,6
DA:243,6
DA:244,6
DA:245,6
DA:247,76
DA:248,139
DA:249,6
DA:250,2
DA:251,2
DA:252,2
DA:254,4
DA:255,4
DA:256,6
DA:257,6
DA:258,6
DA:260,6
DA:261,6
DA:262,139
DA:267,195
DA:268,139
DA:269,139
DA:270,139
DA:271,139
DA:274,139
DA:275,23
DA:277,23
DA:278,16
DA:279,16
DA:280,16
DA:281,4
DA:282,4
DA:283,23
DA:284,2
DA:285,2
DA:286,2
DA:287,2
DA:288,4
DA:289,2
DA:290,2
DA:291,2
DA:292,0
DA:293,0
DA:294,7
DA:295,3
DA:296,3
DA:297,3
DA:298,0
DA:299,0
DA:300,5
DA:301,1
DA:302,1
DA:303,1
DA:304,0
DA:305,0
DA:306,1
DA:307,23
DA:309,139
DA:310,139
DA:311,7
DA:312,139
DA:314,139
DA:315,139
DA:316,139
DA:317,139
DA:318,139
DA:319,139
DA:320,139
DA:321,139
DA:322,139
DA:323,139
DA:324,139
DA:325,139
DA:326,139
DA:327,139
DA:328,139
DA:329,139
DA:330,139
DA:335,195
DA:336,139
DA:337,139
DA:338,139
DA:339,139
DA:341,139
DA:342,139
DA:343,101
DA:344,101
DA:345,139
DA:346,0
DA:347,0
DA:348,139
DA:349,139
DA:350,101
DA:351,101
DA:352,139
DA:353,0
DA:354,0
DA:355,139
DA:356,102
DA:357,102
DA:358,139
DA:359,0
DA:360,0
DA:361,139
DA:362,40
DA:363,40
DA:364,40
DA:365,139
DA:366,61
DA:367,61
DA:368,61
DA:369,139
DA:370,2
DA:371,2
DA:372,139
DA:373,0
DA:374,0
DA:375,0
DA:376,139
DA:377,3
DA:378,3
DA:379,0
DA:380,3
DA:381,0
DA:382,0
DA:383,3
DA:384,3
DA:385,3
DA:386,3
DA:387,139
DA:388,76
DA:389,76
DA:390,76
DA:391,76
DA:392,139
DA:393,2
DA:394,2
DA:395,2
DA:396,2
DA:397,2
DA:398,139
DA:399,20
DA:400,20
DA:401,20
DA:402,139
DA:404,139
DA:405,139
DA:410,195
DA:411,101
DA:412,101
DA:413,101
DA:414,101
DA:415,101
DA:420,195
DA:421,83
DA:422,83
DA:423,83
DA:424,83
DA:425,83
DA:426,83
DA:427,83
DA:429,83
DA:431,83
DA:432,96
DA:433,15
DA:434,15
DA:435,15
DA:436,96
DA:438,83
DA:439,83
DA:444,195
DA:445,81
DA:446,79
DA:448,79
DA:449,79
DA:450,79
DA:451,79
DA:453,0
DA:454,81
DA:455,81
DA:460,195
DA:461,73
DA:462,73
DA:463,73
DA:464,73
DA:466,73
DA:467,73
DA:468,73
DA:470,73
DA:471,73
DA:472,15
DA:473,73
DA:474,73
DA:475,73
DA:477,73
DA:478,73
DA:483,195
DA:484,152
DA:485,152
DA:486,152
DA:487,152
DA:489,152
DA:490,152
DA:495,195
DA:496,108
DA:497,108
DA:498,108
DA:500,108
DA:501,15
DA:502,15
DA:504,108
DA:505,108
DA:510,195
DA:511,108
DA:512,108
DA:513,108
DA:514,108
DA:515,108
DA:516,108
DA:517,108
DA:518,108
DA:519,108
DA:520,108
DA:521,108
DA:526,195
DA:527,59
DA:528,1
DA:529,59
DA:530,58
DA:531,58
DA:532,59
DA:536,195
DA:537,18
DA:538,0
DA:539,18
DA:540,18
DA:541,18
DA:542,18
DA:546,195
DA:547,6
DA:548,0
DA:549,6
DA:550,6
DA:551,6
DA:552,6
DA:556,195
DA:557,6
DA:558,0
DA:559,6
DA:560,6
DA:561,6
DA:562,6
DA:566,195
DA:567,5
DA:568,0
DA:569,5
DA:570,5
DA:571,5
DA:572,5
DA:576,195
DA:577,5
DA:578,0
DA:579,5
DA:580,5
DA:581,5
DA:582,5
DA:586,195
DA:587,5
DA:588,0
DA:589,5
DA:590,5
DA:591,5
DA:592,5
DA:596,195
DA:597,4
DA:598,0
DA:599,4
DA:600,4
DA:601,4
DA:602,4
DA:622,195
DA:623,17
DA:630,17
DA:635,17
DA:636,17
DA:637,11
DA:638,11
DA:639,11
DA:640,11
DA:641,17
DA:642,6
DA:643,6
DA:644,6
DA:645,6
DA:646,6
DA:647,17
DA:670,195
DA:671,7
DA:672,7
DA:673,7
DA:674,7
DA:675,3
DA:676,3
DA:677,3
DA:678,3
DA:679,3
DA:680,7
DA:681,4
DA:682,4
DA:683,4
DA:684,4
DA:685,4
DA:686,4
DA:687,7
DA:705,195
DA:706,11
DA:707,11
DA:709,11
DA:710,11
DA:711,11
DA:713,11
DA:714,3
DA:715,1
DA:716,3
DA:717,1
DA:718,1
DA:720,1
DA:721,1
DA:722,1
DA:723,2
DA:724,2
DA:725,2
DA:726,1
DA:727,1
DA:728,3
DA:730,11
DA:731,2
DA:732,2
DA:733,1
DA:734,1
DA:735,1
DA:736,2
DA:737,2
DA:738,2
DA:740,11
DA:741,1
DA:742,1
DA:743,0
DA:744,0
DA:745,0
DA:746,1
DA:747,1
DA:748,1
DA:750,11
DA:751,1
DA:752,1
DA:753,0
DA:754,0
DA:755,0
DA:756,1
DA:757,1
DA:758,1
DA:760,11
DA:761,1
DA:762,1
DA:763,0
DA:764,0
DA:765,0
DA:766,1
DA:767,1
DA:768,1
DA:770,11
DA:771,1
DA:772,1
DA:773,0
DA:774,0
DA:775,0
DA:776,1
DA:777,1
DA:778,1
DA:780,11
DA:781,1
DA:782,1
DA:783,0
DA:784,0
DA:785,0
DA:786,1
DA:787,1
DA:788,1
DA:790,11
DA:791,1
DA:792,1
DA:793,0
DA:794,0
DA:795,0
DA:796,1
DA:797,1
DA:798,1
DA:800,11
DA:801,1
DA:802,1
DA:803,0
DA:804,0
DA:805,0
DA:806,1
DA:807,1
DA:808,1
DA:810,11
DA:811,3
DA:812,3
DA:814,11
DA:815,2
DA:816,2
DA:818,11
DA:819,2
DA:820,2
DA:822,11
DA:823,2
DA:824,2
DA:826,11
DA:827,2
DA:828,2
DA:829,11
DA:831,11
DA:832,11
DA:856,195
DA:858,7
DA:859,7
DA:860,7
DA:861,7
DA:862,7
DA:863,7
DA:883,195
DA:884,1
DA:885,1
DA:886,1
DA:887,1
DA:888,1
DA:889,1
DA:911,195
DA:912,15
DA:913,15
DA:914,15
DA:915,15
DA:917,15
DA:918,15
DA:919,15
DA:922,15
DA:923,2
DA:924,2
DA:925,2
DA:927,15
DA:928,2
DA:929,2
DA:930,2
DA:932,15
DA:933,2
DA:934,2
DA:935,2
DA:937,15
DA:938,2
DA:939,2
DA:941,15
DA:942,2
DA:943,2
DA:945,15
DA:946,2
DA:947,2
DA:950,15
DA:951,5
DA:952,5
DA:953,5
DA:955,5
DA:956,5
DA:959,15
DA:960,1
DA:961,1
DA:962,1
DA:964,1
DA:965,1
DA:966,1
DA:969,15
DA:970,13
DA:972,13
DA:973,20
DA:974,2
DA:975,2
DA:978,2
DA:979,0
DA:980,2
DA:983,2
DA:984,0
DA:985,2
DA:988,2
DA:989,2
DA:990,2
DA:991,2
DA:992,2
DA:994,2
DA:995,1
DA:996,1
DA:997,1
DA:998,1
DA:999,1
DA:1000,1
DA:1001,1
DA:1002,0
DA:1003,0
DA:1004,0
DA:1005,0
DA:1006,0
DA:1007,0
DA:1008,1
DA:1009,1
DA:1011,2
DA:1012,2
DA:1013,2
DA:1014,0
DA:1015,0
DA:1016,2
DA:1017,2
DA:1019,20
DA:1020,20
DA:1021,7
DA:1022,7
DA:1023,20
DA:1024,3
DA:1025,3
DA:1026,20
DA:1027,2
DA:1028,2
DA:1029,20
DA:1030,2
DA:1031,2
DA:1032,20
DA:1033,2
DA:1034,2
DA:1035,20
DA:1036,2
DA:1037,2
DA:1038,20
DA:1039,2
DA:1040,2
DA:1041,20
DA:1042,0
DA:1043,20
DA:1044,13
DA:1046,13
DA:1047,13
DA:1050,15
DA:1051,3
DA:1052,3
DA:1053,3
DA:1054,3
DA:1056,15
DA:1057,1
DA:1058,1
DA:1059,1
DA:1060,1
DA:1062,15
DA:1063,1
DA:1064,1
DA:1065,1
DA:1066,1
DA:1068,15
DA:1069,1
DA:1070,1
DA:1071,1
DA:1072,1
DA:1074,15
DA:1075,1
DA:1076,1
DA:1077,1
DA:1078,1
DA:1080,15
DA:1081,1
DA:1082,1
DA:1083,1
DA:1084,1
DA:1086,15
DA:1087,1
DA:1088,1
DA:1089,1
DA:1090,1
DA:1092,15
DA:1093,1
DA:1094,1
DA:1095,1
DA:1096,1
DA:1097,15
DA:1099,15
DA:1100,15
DA:1105,195
DA:1106,3
DA:1107,3
DA:1112,195
DA:1113,1
DA:1114,1
DA:1119,195
DA:1120,193
DA:1121,114
DA:1122,114
DA:1123,114
DA:1124,193
DA:1129,195
DA:1130,3
DA:1131,3
DA:1132,3
DA:1133,3
DA:1138,195
DA:1139,3
DA:1140,3
DA:1141,3
DA:1142,3
DA:1147,195
DA:1148,25
DA:1149,1
DA:1150,1
DA:1151,1
DA:1152,1
DA:1153,25
DA:1158,195
DA:1159,17
DA:1160,17
DA:1161,17
DA:1166,195
DA:1167,21
DA:1169,21
DA:1170,21
DA:1172,21
DA:1173,14
DA:1174,21
DA:1175,1
DA:1176,7
DA:1177,2
DA:1178,6
DA:1179,4
DA:1180,4
DA:1181,4
DA:1183,21
DA:1185,21
DA:1186,2
DA:1187,2
DA:1189,21
DA:1190,2
DA:1191,19
DA:1193,21
DA:1195,21
DA:1196,4
DA:1197,4
DA:1198,0
DA:1199,4
DA:1200,21
DA:1201,17
DA:1202,17
DA:1203,2
DA:1204,2
DA:1205,17
DA:1207,21
DA:1208,3
DA:1209,2
DA:1210,1
DA:1211,3
DA:1212,3
DA:1214,21
DA:1215,2
DA:1216,2
DA:1217,21
DA:1222,195
DA:1223,21
DA:1224,21
DA:1225,21
DA:1230,195
DA:1231,46
DA:1233,46
DA:1234,46
DA:1235,46
DA:1237,46
DA:1238,46
DA:1239,43
DA:1241,46
DA:1242,5
DA:1243,5
DA:1244,3
DA:1245,3
DA:1246,0
DA:1247,3
DA:1248,3
DA:1249,2
DA:1250,2
DA:1252,38
DA:1255,46
DA:1256,46
DA:1257,46
DA:1258,46
DA:1259,46
DA:1260,46
DA:1261,46
DA:1262,46
DA:1263,46
DA:1264,46
DA:1265,46
DA:1266,46
DA:1267,46
DA:1268,46
DA:1269,46
DA:1270,46
DA:1271,46
DA:1272,46
DA:1273,46
DA:1274,46
DA:1275,46
DA:1276,46
DA:1277,46
DA:1278,46
DA:1280,46
DA:1282,46
DA:1283,37
DA:1284,37
DA:1286,46
DA:1287,36
DA:1288,36
DA:1290,46
DA:1291,3
DA:1292,3
DA:1293,2
DA:1294,2
DA:1295,3
DA:1296,3
DA:1298,38
DA:1299,38
DA:1300,38
DA:1301,38
DA:1302,46
DA:1303,3
DA:1304,2
DA:1305,2
DA:1306,1
DA:1307,1
DA:1308,46
DA:1313,195
DA:1314,1
DA:1315,1
DA:1320,195
DA:1321,1
DA:1322,1
DA:1327,195
DA:1328,2
DA:1329,2
DA:1334,195
DA:1335,1
DA:1336,1
DA:1341,195
DA:1342,2
DA:1343,2
DA:1348,195
DA:1349,4
DA:1350,4
DA:1351,4
DA:1352,4
DA:1353,4
DA:1354,1
DA:1355,1
DA:1357,4
DA:1358,2
DA:1359,2
DA:1360,1
DA:1361,1
DA:1362,1
DA:1363,1
DA:1364,4
DA:1369,195
DA:1370,1
DA:1371,1
DA:1376,195
DA:1377,1
DA:1378,1
DA:1379,1
DA:1380,1
DA:1381,1
DA:1382,1
DA:1387,195
DA:1388,1
DA:1389,1
DA:1394,195
DA:1395,1
DA:1396,1
DA:1401,195
DA:1402,2
DA:1403,2
DA:1404,1
DA:1405,1
DA:1406,1
DA:1407,1
DA:1408,2
DA:1413,195
DA:1414,2
DA:1415,2
DA:1420,195
DA:1421,2
DA:1422,2
DA:1427,195
DA:1429,1
DA:1434,195
DA:1435,3
DA:1436,3
DA:1437,3
DA:1438,2
DA:1439,1
DA:1440,2
DA:1441,2
DA:1442,3
DA:1447,195
DA:1449,1
DA:1454,195
DA:1455,2
DA:1456,2
DA:1461,195
DA:1462,1
DA:1463,1
DA:1464,1
DA:1465,1
DA:1466,1
DA:1468,1
DA:1469,1
DA:1470,1
DA:1471,195
LF:901
LH:839
BRDA:124,0,0,195
BRDA:139,1,0,195
BRDA:140,2,0,194
BRDA:146,3,0,2
BRDA:162,4,0,114
BRDA:167,5,0,1
BRDA:167,6,0,113
BRDA:169,7,0,2
BRDA:169,8,0,112
BRDA:171,9,0,1
BRDA:171,10,0,113
BRDA:193,11,0,139
BRDA:206,12,0,21
BRDA:206,13,0,17
BRDA:209,14,0,122
BRDA:212,15,0,4
BRDA:214,16,0,122
BRDA:217,17,0,43
BRDA:217,18,0,0
BRDA:217,19,0,43
BRDA:218,20,0,42
BRDA:219,21,0,38
BRDA:222,22,0,83
BRDA:227,23,0,2
BRDA:229,24,0,81
BRDA:234,25,0,73
BRDA:236,26,0,68
BRDA:237,27,0,8
BRDA:237,28,0,2
BRDA:239,29,0,6
BRDA:245,30,0,76
BRDA:248,31,0,6
BRDA:249,32,0,2
BRDA:252,33,0,4
BRDA:256,34,0,0
BRDA:267,35,0,139
BRDA:274,36,0,23
BRDA:275,37,0,1
BRDA:277,38,0,16
BRDA:279,39,0,12
BRDA:280,40,0,4
BRDA:283,41,0,7
BRDA:283,42,0,2
BRDA:291,43,0,0
BRDA:294,44,0,5
BRDA:294,45,0,3
BRDA:297,46,0,0
BRDA:300,47,0,2
BRDA:300,48,0,1
BRDA:303,49,0,0
BRDA:287,50,0,4
BRDA:310,51,0,7
BRDA:335,52,0,139
BRDA:342,53,0,101
BRDA:349,54,0,101
BRDA:355,55,0,102
BRDA:361,56,0,40
BRDA:365,57,0,61
BRDA:369,58,0,2
BRDA:376,59,0,3
BRDA:378,60,0,0
BRDA:380,61,0,0
BRDA:380,62,0,0
BRDA:380,63,0,0
BRDA:380,64,0,0
BRDA:380,65,0,0
BRDA:380,66,0,0
BRDA:387,67,0,76
BRDA:392,68,0,2
BRDA:398,69,0,20
BRDA:410,70,0,101
BRDA:420,71,0,83
BRDA:426,72,0,17
BRDA:426,73,0,14
BRDA:426,74,0,2
BRDA:431,75,0,96
BRDA:432,76,0,15
BRDA:432,77,0,15
BRDA:444,78,0,81
BRDA:445,79,0,79
BRDA:446,80,0,10
BRDA:450,81,0,76
BRDA:451,82,0,0
BRDA:460,83,0,73
BRDA:471,84,0,15
BRDA:472,85,0,0
BRDA:483,86,0,152
BRDA:495,87,0,108
BRDA:500,88,0,15
BRDA:510,89,0,108
BRDA:526,90,0,59
BRDA:527,91,0,1
BRDA:529,92,0,58
BRDA:536,93,0,18
BRDA:537,94,0,0
BRDA:546,95,0,6
BRDA:547,96,0,0
BRDA:556,97,0,6
BRDA:557,98,0,0
BRDA:566,99,0,5
BRDA:567,100,0,0
BRDA:576,101,0,5
BRDA:577,102,0,0
BRDA:586,103,0,5
BRDA:587,104,0,0
BRDA:596,105,0,4
BRDA:597,106,0,0
BRDA:622,107,0,17
BRDA:636,108,0,11
BRDA:641,109,0,6
BRDA:670,110,0,7
BRDA:674,111,0,3
BRDA:680,112,0,4
BRDA:705,113,0,11
BRDA:713,114,0,3
BRDA:714,115,0,1
BRDA:714,116,0,1
BRDA:716,117,0,2
BRDA:716,118,0,1
BRDA:716,119,0,1
BRDA:720,120,0,0
BRDA:721,121,0,0
BRDA:722,122,0,2
BRDA:730,123,0,2
BRDA:731,124,0,2
BRDA:732,125,0,1
BRDA:740,126,0,1
BRDA:741,127,0,1
BRDA:750,128,0,1
BRDA:751,129,0,1
BRDA:760,130,0,1
BRDA:761,131,0,1
BRDA:770,132,0,1
BRDA:771,133,0,1
BRDA:780,134,0,1
BRDA:781,135,0,1
BRDA:790,136,0,1
BRDA:791,137,0,1
BRDA:800,138,0,1
BRDA:801,139,0,1
BRDA:810,140,0,3
BRDA:814,141,0,2
BRDA:818,142,0,2
BRDA:822,143,0,2
BRDA:826,144,0,2
BRDA:856,145,0,7
BRDA:883,146,0,1
BRDA:911,147,0,15
BRDA:922,148,0,2
BRDA:927,149,0,2
BRDA:932,150,0,2
BRDA:937,151,0,2
BRDA:941,152,0,2
BRDA:945,153,0,2
BRDA:950,154,0,5
BRDA:959,155,0,1
BRDA:969,156,0,13
BRDA:970,157,0,2
BRDA:970,158,0,11
BRDA:972,159,0,20
BRDA:1020,160,0,7
BRDA:1023,161,0,3
BRDA:1026,162,0,2
BRDA:1029,163,0,2
BRDA:1032,164,0,2
BRDA:1035,165,0,2
BRDA:1038,166,0,2
BRDA:1041,167,0,0
BRDA:973,168,0,2
BRDA:989,169,0,0
BRDA:990,170,0,0
BRDA:991,171,0,1
BRDA:991,172,0,0
BRDA:991,173,0,1
BRDA:994,174,0,1
BRDA:995,175,0,0
BRDA:1013,176,0,0
BRDA:1013,177,0,0
BRDA:996,178,0,1
BRDA:1001,179,0,0
BRDA:1050,180,0,3
BRDA:1051,181,0,1
BRDA:1051,182,0,2
BRDA:1052,183,0,2
BRDA:1052,184,0,1
BRDA:1056,185,0,1
BRDA:1057,186,0,0
BRDA:1058,187,0,0
BRDA:1062,188,0,1
BRDA:1063,189,0,0
BRDA:1064,190,0,0
BRDA:1068,191,0,1
BRDA:1069,192,0,0
BRDA:1070,193,0,0
BRDA:1074,194,0,1
BRDA:1075,195,0,0
BRDA:1076,196,0,0
BRDA:1080,197,0,1
BRDA:1081,198,0,0
BRDA:1082,199,0,0
BRDA:1086,200,0,1
BRDA:1087,201,0,0
BRDA:1088,202,0,0
BRDA:1092,203,0,1
BRDA:1093,204,0,0
BRDA:1094,205,0,0
BRDA:1105,206,0,3
BRDA:1112,207,0,1
BRDA:1119,208,0,193
BRDA:1120,209,0,114
BRDA:1129,210,0,3
BRDA:1138,211,0,3
BRDA:1147,212,0,25
BRDA:1148,213,0,1
BRDA:1158,214,0,17
BRDA:1160,215,0,15
BRDA:1166,216,0,21
BRDA:1167,217,0,0
BRDA:1169,218,0,0
BRDA:1172,219,0,14
BRDA:1174,220,0,7
BRDA:1174,221,0,1
BRDA:1175,222,0,0
BRDA:1176,223,0,6
BRDA:1176,224,0,2
BRDA:1177,225,0,0
BRDA:1178,226,0,4
BRDA:1180,227,0,3
BRDA:1180,228,0,1
BRDA:1180,229,0,0
BRDA:1185,230,0,2
BRDA:1189,231,0,2
BRDA:1190,232,0,19
BRDA:1191,233,0,17
BRDA:1195,234,0,4
BRDA:1197,235,0,0
BRDA:1200,236,0,17
BRDA:1202,237,0,2
BRDA:1207,238,0,3
BRDA:1208,239,0,2
BRDA:1209,240,0,1
BRDA:1214,241,0,2
BRDA:1222,242,0,21
BRDA:1230,243,0,46
BRDA:1231,244,0,0
BRDA:1233,245,0,0
BRDA:1238,246,0,43
BRDA:1241,247,0,5
BRDA:1243,248,0,3
BRDA:1245,249,0,0
BRDA:1248,250,0,2
BRDA:1250,251,0,38
BRDA:1280,252,0,0
BRDA:1280,253,0,1
BRDA:1282,254,0,38
BRDA:1282,255,0,37
BRDA:1283,256,0,36
BRDA:1283,257,0,1
BRDA:1284,258,0,38
BRDA:1286,259,0,37
BRDA:1286,260,0,43
BRDA:1286,261,0,36
BRDA:1288,262,0,38
BRDA:1290,263,0,3
BRDA:1292,264,0,2
BRDA:1296,265,0,38
BRDA:1302,266,0,3
BRDA:1303,267,0,2
BRDA:1305,268,0,1
BRDA:1313,269,0,1
BRDA:1320,270,0,1
BRDA:1327,271,0,2
BRDA:1328,272,0,1
BRDA:1328,273,0,0
BRDA:1334,274,0,1
BRDA:1341,275,0,2
BRDA:1342,276,0,1
BRDA:1348,277,0,4
BRDA:1353,278,0,1
BRDA:1357,279,0,3
BRDA:1357,280,0,2
BRDA:1359,281,0,1
BRDA:1369,282,0,1
BRDA:1376,283,0,1
BRDA:1387,284,0,1
BRDA:1394,285,0,1
BRDA:1401,286,0,2
BRDA:1403,287,0,1
BRDA:1413,288,0,2
BRDA:1420,289,0,2
BRDA:1427,290,0,1
BRDA:1434,291,0,3
BRDA:1437,292,0,2
BRDA:1438,293,0,1
BRDA:1447,294,0,1
BRDA:1454,295,0,2
BRDA:1461,296,0,1
BRDA:1466,297,0,1
BRF:298
BRH:242
end_of_record
TN:
SF:src/compat/express-compat.ts
FN:176,headersToObject
FN:196,parseAccept
FN:224,serializeCookie
FN:261,createExpressRequest
FN:304,get
FN:310,header
FN:314,is
FN:327,accepts
FN:331,acceptsEncodings
FN:335,acceptsCharsets
FN:339,acceptsLanguages
FN:356,createExpressResponse
FN:362,get statusCode
FN:365,set statusCode
FN:369,get statusMessage
FN:372,set statusMessage
FN:375,get headersSent
FN:380,status
FN:386,sendStatus
FN:393,set
FN:412,header
FN:419,get
FN:423,append
FN:433,send
FN:454,json
FN:459,jsonp
FN:466,end
FN:476,redirect
FN:485,type
FN:500,contentType
FN:505,cookie
FN:512,clearCookie
FN:518,location
FN:523,links
FN:531,vary
FN:541,format
FN:561,wrapExpressMiddleware
FN:573,expressNext
FNF:38
FNH:36
FNDA:35,headersToObject
FNDA:16,parseAccept
FNDA:9,serializeCookie
FNDA:35,createExpressRequest
FNDA:3,get
FNDA:1,header
FNDA:4,is
FNDA:8,accepts
FNDA:3,acceptsEncodings
FNDA:2,acceptsCharsets
FNDA:2,acceptsLanguages
FNDA:44,createExpressResponse
FNDA:3,get statusCode
FNDA:1,set statusCode
FNDA:0,get statusMessage
FNDA:0,set statusMessage
FNDA:1,get headersSent
FNDA:2,status
FNDA:1,sendStatus
FNDA:6,set
FNDA:3,header
FNDA:1,get
FNDA:3,append
FNDA:4,send
FNDA:3,json
FNDA:1,jsonp
FNDA:2,end
FNDA:2,redirect
FNDA:7,type
FNDA:1,contentType
FNDA:9,cookie
FNDA:1,clearCookie
FNDA:1,location
FNDA:1,links
FNDA:2,vary
FNDA:1,format
FNDA:13,wrapExpressMiddleware
FNDA:4,expressNext
DA:138,1
DA:139,1
DA:140,1
DA:141,1
DA:142,1
DA:143,1
DA:144,1
DA:145,1
DA:146,1
DA:147,1
DA:148,1
DA:149,1
DA:150,1
DA:151,1
DA:152,1
DA:153,1
DA:154,1
DA:155,1
DA:156,1
DA:157,1
DA:158,1
DA:159,1
DA:160,1
DA:161,1
DA:162,1
DA:163,1
DA:164,1
DA:165,1
DA:166,1
DA:167,1
DA:168,1
DA:169,1
DA:170,1
DA:171,1
DA:176,35
DA:177,35
DA:178,35
DA:179,62
DA:180,62
DA:181,0
DA:182,0
DA:183,0
DA:184,0
DA:185,0
DA:186,62
DA:187,62
DA:188,62
DA:189,35
DA:190,35
DA:191,35
DA:196,16
DA:197,16
DA:199,11
DA:200,16
DA:201,16
DA:202,16
DA:203,3
DA:204,3
DA:205,16
DA:206,16
DA:207,11
DA:209,16
DA:210,12
DA:211,12
DA:212,12
DA:213,8
DA:214,8
DA:215,12
DA:216,4
DA:218,3
DA:219,3
DA:224,9
DA:225,9
DA:227,9
DA:228,2
DA:229,2
DA:230,9
DA:231,1
DA:232,1
DA:233,9
DA:234,1
DA:235,9
DA:236,8
DA:237,8
DA:238,9
DA:239,2
DA:240,2
DA:241,9
DA:242,2
DA:243,2
DA:244,9
DA:245,2
DA:246,2
DA:247,9
DA:248,7
DA:249,1
DA:250,7
DA:251,6
DA:252,6
DA:253,7
DA:255,9
DA:256,9
DA:261,1
DA:262,35
DA:265,35
DA:266,35
DA:267,35
DA:268,36
DA:269,36
DA:270,2
DA:271,2
DA:272,35
DA:274,35
DA:276,35
DA:277,35
DA:278,35
DA:279,35
DA:280,35
DA:281,35
DA:282,35
DA:283,35
DA:284,35
DA:285,35
DA:288,35
DA:289,35
DA:290,35
DA:293,35
DA:296,35
DA:297,35
DA:300,35
DA:301,35
DA:304,35
DA:305,3
DA:306,3
DA:307,3
DA:308,3
DA:310,35
DA:311,1
DA:312,1
DA:314,35
DA:315,4
DA:316,4
DA:318,4
DA:319,4
DA:320,3
DA:321,2
DA:322,2
DA:323,3
DA:324,1
DA:325,4
DA:327,35
DA:328,8
DA:329,8
DA:331,35
DA:332,3
DA:333,3
DA:335,35
DA:336,2
DA:337,2
DA:339,35
DA:340,2
DA:341,2
DA:342,35
DA:345,35
DA:346,35
DA:347,35
DA:348,35
DA:350,35
DA:351,35
DA:356,1
DA:357,44
DA:358,44
DA:360,44
DA:362,44
DA:363,3
DA:364,3
DA:365,44
DA:366,1
DA:367,1
DA:368,1
DA:369,44
DA:370,0
DA:371,0
DA:372,44
DA:373,0
DA:374,0
DA:375,44
DA:376,1
DA:377,1
DA:380,44
DA:381,2
DA:382,2
DA:383,2
DA:384,2
DA:386,44
DA:387,1
DA:388,1
DA:389,1
DA:390,1
DA:393,44
DA:394,6
DA:395,2
DA:396,3
DA:397,1
DA:398,3
DA:399,2
DA:400,2
DA:401,2
DA:402,6
DA:403,4
DA:404,2
DA:405,2
DA:406,2
DA:407,2
DA:408,4
DA:409,6
DA:410,6
DA:412,44
DA:413,3
DA:414,1
DA:415,1
DA:416,2
DA:417,3
DA:419,44
DA:420,1
DA:421,1
DA:423,44
DA:424,3
DA:425,1
DA:426,3
DA:427,2
DA:428,2
DA:429,3
DA:430,3
DA:433,44
DA:434,4
DA:435,1
DA:436,4
DA:437,2
DA:438,2
DA:439,2
DA:440,2
DA:441,3
DA:442,0
DA:443,0
DA:444,0
DA:445,0
DA:446,1
DA:447,1
DA:448,1
DA:449,0
DA:450,0
DA:451,3
DA:452,4
DA:454,44
DA:455,3
DA:456,3
DA:457,3
DA:459,44
DA:462,1
DA:463,1
DA:464,1
DA:466,44
DA:467,2
DA:468,1
DA:469,1
DA:470,1
DA:471,1
DA:472,2
DA:473,2
DA:476,44
DA:477,2
DA:478,1
DA:479,1
DA:480,1
DA:481,1
DA:482,2
DA:485,44
DA:487,7
DA:488,7
DA:489,7
DA:490,7
DA:491,7
DA:492,7
DA:493,7
DA:494,7
DA:495,7
DA:496,7
DA:497,7
DA:498,7
DA:500,44
DA:501,1
DA:502,1
DA:505,44
DA:506,9
DA:507,9
DA:508,9
DA:509,9
DA:510,9
DA:512,44
DA:513,1
DA:514,1
DA:515,1
DA:518,44
DA:519,1
DA:520,1
DA:521,1
DA:523,44
DA:524,1
DA:525,1
DA:526,1
DA:527,1
DA:528,1
DA:529,1
DA:531,44
DA:532,2
DA:533,2
DA:534,1
DA:535,1
DA:536,1
DA:537,1
DA:538,2
DA:539,2
DA:541,44
DA:542,1
DA:543,1
DA:544,1
DA:546,1
DA:547,1
DA:548,1
DA:549,0
DA:550,0
DA:551,1
DA:552,1
DA:553,44
DA:555,44
DA:556,44
DA:561,1
DA:562,13
DA:567,13
DA:568,13
DA:569,6
DA:570,6
DA:572,6
DA:573,6
DA:574,4
DA:576,1
DA:577,0
DA:578,0
DA:580,0
DA:581,0
DA:582,0
DA:583,0
DA:584,0
DA:585,0
DA:586,1
DA:587,1
DA:588,1
DA:589,4
DA:590,3
DA:591,3
DA:592,4
DA:594,6
DA:595,6
DA:598,6
DA:599,2
DA:600,2
DA:601,6
DA:602,1
DA:603,1
DA:604,6
DA:605,6
DA:606,13
LF:373
LH:348
BRDA:176,0,0,35
BRDA:178,1,0,62
BRDA:180,2,0,0
BRDA:196,3,0,16
BRDA:197,4,0,12
BRDA:197,5,0,5
BRDA:197,6,0,11
BRDA:209,7,0,12
BRDA:211,8,0,10
BRDA:211,9,0,5
BRDA:212,10,0,1
BRDA:212,11,0,8
BRDA:215,12,0,4
BRDA:216,13,0,3
BRDA:199,14,0,16
BRDA:202,15,0,3
BRDA:204,16,0,0
BRDA:207,17,0,5
BRDA:224,18,0,9
BRDA:227,19,0,2
BRDA:230,20,0,1
BRDA:233,21,0,1
BRDA:235,22,0,8
BRDA:238,23,0,2
BRDA:241,24,0,2
BRDA:244,25,0,2
BRDA:247,26,0,7
BRDA:248,27,0,1
BRDA:250,28,0,6
BRDA:261,29,0,35
BRDA:265,30,0,34
BRDA:277,31,0,0
BRDA:277,32,0,0
BRDA:278,33,0,0
BRDA:278,34,0,0
BRDA:280,35,0,0
BRDA:281,36,0,1
BRDA:283,37,0,0
BRDA:284,38,0,34
BRDA:300,39,0,1
BRDA:301,40,0,34
BRDA:301,41,0,1
BRDA:347,42,0,34
BRDA:267,43,0,36
BRDA:269,44,0,2
BRDA:304,45,0,3
BRDA:307,46,0,0
BRDA:310,47,0,1
BRDA:314,48,0,4
BRDA:316,49,0,1
BRDA:316,50,0,3
BRDA:318,51,0,1
BRDA:318,52,0,2
BRDA:319,53,0,3
BRDA:320,54,0,1
BRDA:320,55,0,2
BRDA:323,56,0,1
BRDA:327,57,0,8
BRDA:328,58,0,1
BRDA:331,59,0,3
BRDA:332,60,0,1
BRDA:335,61,0,2
BRDA:336,62,0,1
BRDA:339,63,0,2
BRDA:340,64,0,1
BRDA:356,65,0,44
BRDA:362,66,0,3
BRDA:365,67,0,1
BRDA:367,68,0,0
BRDA:375,69,0,1
BRDA:380,70,0,2
BRDA:382,71,0,0
BRDA:386,72,0,1
BRDA:388,73,0,0
BRDA:393,74,0,6
BRDA:394,75,0,2
BRDA:402,76,0,4
BRDA:403,77,0,2
BRDA:395,78,0,3
BRDA:396,79,0,1
BRDA:398,80,0,2
BRDA:397,81,0,3
BRDA:404,82,0,4
BRDA:412,83,0,3
BRDA:413,84,0,1
BRDA:414,85,0,0
BRDA:415,86,0,2
BRDA:419,87,0,1
BRDA:420,88,0,0
BRDA:423,89,0,3
BRDA:424,90,0,1
BRDA:426,91,0,2
BRDA:425,92,0,3
BRDA:433,93,0,4
BRDA:434,94,0,1
BRDA:436,95,0,3
BRDA:436,96,0,2
BRDA:441,97,0,1
BRDA:441,98,0,0
BRDA:448,99,0,0
BRDA:454,100,0,3
BRDA:459,101,0,1
BRDA:466,102,0,2
BRDA:467,103,0,1
BRDA:468,104,0,0
BRDA:476,105,0,2
BRDA:477,106,0,1
BRDA:477,107,0,1
BRDA:485,108,0,7
BRDA:495,109,0,1
BRDA:500,110,0,1
BRDA:505,111,0,9
BRDA:512,112,0,1
BRDA:518,113,0,1
BRDA:523,114,0,1
BRDA:525,115,0,2
BRDA:531,116,0,2
BRDA:533,117,0,1
BRDA:541,118,0,1
BRDA:548,119,0,0
BRDA:561,120,0,13
BRDA:568,121,0,6
BRDA:572,122,0,6
BRDA:598,123,0,2
BRDA:601,124,0,1
BRDA:573,125,0,4
BRDA:574,126,0,1
BRDA:576,127,0,0
BRDA:589,128,0,3
BRF:129
BRH:110
end_of_record
TN:
SF:src/compat/fastify-compat.ts
FN:254,generateRequestId
FN:261,headersToObject
FN:282,createFastifyRequest
FN:308,createFastifyReply
FN:313,get statusCode
FN:316,set statusCode
FN:319,get sent
FN:325,code
FN:330,status
FN:334,header
FN:339,headers
FN:346,getHeader
FN:350,getHeaders
FN:358,removeHeader
FN:363,hasHeader
FN:367,send
FN:391,serialize
FN:395,serializer
FN:400,type
FN:405,redirect
FN:414,callNotFound
FN:422,getResponseTime
FN:433,isAsyncHook
FN:440,wrapFastifyHook
FN:458,done
FN:482,wrapFastifyPlugin
FN:516,createFastifyLogger
FN:517,createLogFn
FN:528,child
FN:533,wrap
FNF:30
FNH:29
FNDA:20,generateRequestId
FNDA:20,headersToObject
FNDA:20,createFastifyRequest
FNDA:36,createFastifyReply
FNDA:3,get statusCode
FNDA:0,set statusCode
FNDA:8,get sent
FNDA:2,code
FNDA:1,status
FNDA:1,header
FNDA:1,headers
FNDA:1,getHeader
FNDA:1,getHeaders
FNDA:1,removeHeader
FNDA:2,hasHeader
FNDA:13,send
FNDA:2,serialize
FNDA:1,serializer
FNDA:1,type
FNDA:2,redirect
FNDA:1,callNotFound
FNDA:1,getResponseTime
FNDA:7,isAsyncHook
FNDA:13,wrapFastifyHook
FNDA:2,done
FNDA:7,wrapFastifyPlugin
FNDA:24,createFastifyLogger
FNDA:144,createLogFn
FNDA:1,child
FNDA:6,wrap
DA:253,1
DA:254,20
DA:255,20
DA:256,20
DA:261,20
DA:262,20
DA:263,20
DA:264,36
DA:265,36
DA:266,36
DA:267,1
DA:268,0
DA:269,1
DA:270,1
DA:271,1
DA:272,36
DA:273,35
DA:274,35
DA:275,20
DA:276,20
DA:277,20
DA:282,1
DA:283,20
DA:285,20
DA:286,20
DA:287,20
DA:288,20
DA:289,20
DA:290,20
DA:291,20
DA:292,20
DA:293,20
DA:294,20
DA:295,20
DA:296,20
DA:297,20
DA:298,20
DA:299,20
DA:300,20
DA:302,20
DA:303,20
DA:308,1
DA:309,36
DA:310,36
DA:312,36
DA:313,36
DA:314,3
DA:315,3
DA:316,36
DA:317,0
DA:318,0
DA:319,36
DA:320,8
DA:321,8
DA:323,36
DA:325,36
DA:326,2
DA:327,2
DA:328,2
DA:330,36
DA:331,1
DA:332,1
DA:334,36
DA:335,1
DA:336,1
DA:337,1
DA:339,36
DA:340,1
DA:341,3
DA:342,1
DA:343,1
DA:344,1
DA:346,36
DA:347,1
DA:348,1
DA:350,36
DA:351,1
DA:352,1
DA:353,2
DA:354,1
DA:355,1
DA:356,1
DA:358,36
DA:359,1
DA:360,1
DA:361,1
DA:363,36
DA:364,2
DA:365,2
DA:367,36
DA:368,13
DA:369,1
DA:370,13
DA:371,2
DA:372,1
DA:373,1
DA:374,2
DA:375,12
DA:376,2
DA:377,2
DA:378,2
DA:379,2
DA:380,10
DA:381,6
DA:382,5
DA:383,5
DA:384,6
DA:385,8
DA:386,2
DA:387,2
DA:388,13
DA:389,13
DA:391,36
DA:392,2
DA:393,2
DA:395,36
DA:396,1
DA:397,1
DA:398,1
DA:400,36
DA:401,1
DA:402,1
DA:403,1
DA:405,36
DA:406,2
DA:407,1
DA:408,1
DA:409,1
DA:410,1
DA:411,2
DA:412,2
DA:414,36
DA:415,1
DA:416,1
DA:417,1
DA:418,1
DA:419,1
DA:420,1
DA:422,36
DA:423,1
DA:424,1
DA:425,36
DA:427,36
DA:428,36
DA:433,7
DA:434,7
DA:435,7
DA:440,1
DA:441,13
DA:446,13
DA:447,13
DA:448,7
DA:449,7
DA:451,7
DA:452,5
DA:453,5
DA:454,2
DA:455,2
DA:456,7
DA:457,2
DA:458,2
DA:459,2
DA:460,1
DA:461,1
DA:462,1
DA:463,1
DA:464,0
DA:465,0
DA:466,2
DA:468,2
DA:469,2
DA:470,2
DA:471,0
DA:472,0
DA:473,2
DA:474,2
DA:475,7
DA:476,13
DA:482,1
DA:483,7
DA:484,7
DA:485,7
DA:486,7
DA:487,7
DA:488,7
DA:490,5
DA:491,5
DA:492,4
DA:493,5
DA:494,0
DA:495,0
DA:496,7
DA:498,2
DA:499,2
DA:500,2
DA:501,1
DA:502,1
DA:503,1
DA:504,1
DA:505,2
DA:506,2
DA:507,0
DA:508,0
DA:509,2
DA:510,7
DA:511,7
DA:516,1
DA:517,24
DA:518,3
DA:519,3
DA:521,24
DA:522,24
DA:523,24
DA:524,24
DA:525,24
DA:526,24
DA:527,24
DA:528,24
DA:529,1
DA:530,1
DA:531,1
DA:532,1
DA:533,1
DA:534,6
DA:535,1
DA:536,1
DA:537,1
DA:538,1
DA:539,1
DA:540,1
DA:541,1
DA:542,1
DA:543,1
DA:544,1
DA:545,24
DA:546,24
LF:236
LH:225
BRDA:254,0,0,20
BRDA:261,1,0,20
BRDA:263,2,0,36
BRDA:266,3,0,1
BRDA:267,4,0,0
BRDA:272,5,0,35
BRDA:282,6,0,20
BRDA:292,7,0,0
BRDA:292,8,0,0
BRDA:293,9,0,0
BRDA:293,10,0,0
BRDA:295,11,0,1
BRDA:297,12,0,1
BRDA:297,13,0,19
BRDA:308,14,0,36
BRDA:313,15,0,3
BRDA:319,16,0,8
BRDA:325,17,0,2
BRDA:330,18,0,1
BRDA:334,19,0,1
BRDA:339,20,0,1
BRDA:340,21,0,3
BRDA:346,22,0,1
BRDA:347,23,0,0
BRDA:350,24,0,1
BRDA:352,25,0,2
BRDA:358,26,0,1
BRDA:363,27,0,2
BRDA:367,28,0,13
BRDA:368,29,0,1
BRDA:370,30,0,12
BRDA:370,31,0,2
BRDA:371,32,0,1
BRDA:375,33,0,10
BRDA:375,34,0,9
BRDA:375,35,0,2
BRDA:380,36,0,8
BRDA:380,37,0,6
BRDA:381,38,0,5
BRDA:385,39,0,2
BRDA:391,40,0,2
BRDA:395,41,0,1
BRDA:400,42,0,1
BRDA:405,43,0,2
BRDA:406,44,0,1
BRDA:406,45,0,1
BRDA:414,46,0,1
BRDA:422,47,0,1
BRDA:433,48,0,7
BRDA:440,49,0,13
BRDA:447,50,0,7
BRDA:451,51,0,5
BRDA:452,52,0,3
BRDA:453,53,0,2
BRDA:456,54,0,2
BRDA:457,55,0,2
BRDA:470,56,0,0
BRDA:458,57,0,2
BRDA:459,58,0,1
BRDA:463,59,0,0
BRDA:482,60,0,7
BRDA:487,61,0,7
BRDA:488,62,0,5
BRDA:491,63,0,4
BRDA:493,64,0,0
BRDA:496,65,0,2
BRDA:506,66,0,0
BRDA:499,67,0,2
BRDA:500,68,0,1
BRDA:516,69,0,24
BRDA:517,70,0,144
BRDA:517,71,0,3
BRDA:528,72,0,1
BRDA:530,73,0,1
BRDA:533,74,0,6
BRDA:534,75,0,1
BRF:76
BRH:66
end_of_record
